# JRE version: OpenJDK Runtime Environment (11.0.12+7) (build 11.0.12+7-b1504.28-7817840)
# Java VM: OpenJDK 64-Bit Server VM (11.0.12+7-b1504.28-7817840, mixed mode, tiered, compressed oops, g1 gc, windows-amd64)
Heap:
 garbage-first heap   total 416768K, used 198656K [0x0000000080000000, 0x0000000100000000)
  region size 1024K, 52 young (53248K), 7 survivors (7168K)
 Metaspace       used 116507K, capacity 119464K, committed 119544K, reserved 1153024K
  class space    used 14735K, capacity 15860K, committed 15864K, reserved 1048576K
GC Heap History (20 events):
Event: 18.787 GC heap before
{Heap before GC invocations=35 (full 0):
 garbage-first heap   total 347136K, used 268575K [0x0000000080000000, 0x0000000100000000)
  region size 1024K, 60 young (61440K), 2 survivors (2048K)
 Metaspace       used 104969K, capacity 107568K, committed 107768K, reserved 1142784K
  class space    used 13692K, capacity 14694K, committed 14840K, reserved 1048576K
}
Event: 18.804 GC heap after
{Heap after GC invocations=36 (full 0):
 garbage-first heap   total 347136K, used 213793K [0x0000000080000000, 0x0000000100000000)
  region size 1024K, 7 young (7168K), 7 survivors (7168K)
 Metaspace       used 104969K, capacity 107568K, committed 107768K, reserved 1142784K
  class space    used 13692K, capacity 14694K, committed 14840K, reserved 1048576K
}
Event: 18.847 GC heap before
{Heap before GC invocations=36 (full 0):
 garbage-first heap   total 347136K, used 223009K [0x0000000080000000, 0x0000000100000000)
  region size 1024K, 16 young (16384K), 7 survivors (7168K)
 Metaspace       used 105018K, capacity 107637K, committed 108024K, reserved 1142784K
  class space    used 13695K, capacity 14695K, committed 14840K, reserved 1048576K
}
Event: 18.863 GC heap after
{Heap after GC invocations=37 (full 0):
 garbage-first heap   total 347136K, used 210977K [0x0000000080000000, 0x0000000100000000)
  region size 1024K, 2 young (2048K), 2 survivors (2048K)
 Metaspace       used 105018K, capacity 107637K, committed 108024K, reserved 1142784K
  class space    used 13695K, capacity 14695K, committed 14840K, reserved 1048576K
}
Event: 18.892 GC heap before
{Heap before GC invocations=37 (full 0):
 garbage-first heap   total 347136K, used 231457K [0x0000000080000000, 0x0000000100000000)
  region size 1024K, 23 young (23552K), 2 survivors (2048K)
 Metaspace       used 105018K, capacity 107637K, committed 108024K, reserved 1142784K
  class space    used 13695K, capacity 14695K, committed 14840K, reserved 1048576K
}
Event: 18.902 GC heap after
{Heap after GC invocations=38 (full 0):
 garbage-first heap   total 347136K, used 214906K [0x0000000080000000, 0x0000000100000000)
  region size 1024K, 6 young (6144K), 6 survivors (6144K)
 Metaspace       used 105018K, capacity 107637K, committed 108024K, reserved 1142784K
  class space    used 13695K, capacity 14695K, committed 14840K, reserved 1048576K
}
Event: 19.156 GC heap before
{Heap before GC invocations=38 (full 0):
 garbage-first heap   total 347136K, used 275322K [0x0000000080000000, 0x0000000100000000)
  region size 1024K, 56 young (57344K), 6 survivors (6144K)
 Metaspace       used 105803K, capacity 108426K, committed 108536K, reserved 1142784K
  class space    used 13782K, capacity 14811K, committed 14840K, reserved 1048576K
}
Event: 19.172 GC heap after
{Heap after GC invocations=39 (full 0):
 garbage-first heap   total 416768K, used 231765K [0x0000000080000000, 0x0000000100000000)
  region size 1024K, 7 young (7168K), 7 survivors (7168K)
 Metaspace       used 105803K, capacity 108426K, committed 108536K, reserved 1142784K
  class space    used 13782K, capacity 14811K, committed 14840K, reserved 1048576K
}
Event: 19.617 GC heap before
{Heap before GC invocations=40 (full 0):
 garbage-first heap   total 416768K, used 302421K [0x0000000080000000, 0x0000000100000000)
  region size 1024K, 79 young (80896K), 7 survivors (7168K)
 Metaspace       used 106473K, capacity 109066K, committed 109432K, reserved 1144832K
  class space    used 13844K, capacity 14847K, committed 14968K, reserved 1048576K
}
Event: 19.624 GC heap after
{Heap after GC invocations=41 (full 0):
 garbage-first heap   total 416768K, used 230362K [0x0000000080000000, 0x0000000100000000)
  region size 1024K, 3 young (3072K), 3 survivors (3072K)
 Metaspace       used 106473K, capacity 109066K, committed 109432K, reserved 1144832K
  class space    used 13844K, capacity 14847K, committed 14968K, reserved 1048576K
}
Event: 24.181 GC heap before
{Heap before GC invocations=41 (full 0):
 garbage-first heap   total 416768K, used 310234K [0x0000000080000000, 0x0000000100000000)
  region size 1024K, 82 young (83968K), 3 survivors (3072K)
 Metaspace       used 111399K, capacity 114210K, committed 114424K, reserved 1148928K
  class space    used 14452K, capacity 15506K, committed 15608K, reserved 1048576K
}
Event: 24.193 GC heap after
{Heap after GC invocations=42 (full 0):
 garbage-first heap   total 416768K, used 234376K [0x0000000080000000, 0x0000000100000000)
  region size 1024K, 7 young (7168K), 7 survivors (7168K)
 Metaspace       used 111399K, capacity 114210K, committed 114424K, reserved 1148928K
  class space    used 14452K, capacity 15506K, committed 15608K, reserved 1048576K
}
Event: 40.513 GC heap before
{Heap before GC invocations=43 (full 0):
 garbage-first heap   total 416768K, used 275336K [0x0000000080000000, 0x0000000100000000)
  region size 1024K, 89 young (91136K), 7 survivors (7168K)
 Metaspace       used 115075K, capacity 117888K, committed 118136K, reserved 1150976K
  class space    used 14663K, capacity 15732K, committed 15736K, reserved 1048576K
}
Event: 40.543 GC heap after
{Heap after GC invocations=44 (full 0):
 garbage-first heap   total 416768K, used 198778K [0x0000000080000000, 0x0000000100000000)
  region size 1024K, 12 young (12288K), 12 survivors (12288K)
 Metaspace       used 115075K, capacity 117888K, committed 118136K, reserved 1150976K
  class space    used 14663K, capacity 15732K, committed 15736K, reserved 1048576K
}
Event: 56.499 GC heap before
{Heap before GC invocations=44 (full 0):
 garbage-first heap   total 416768K, used 206970K [0x0000000080000000, 0x0000000100000000)
  region size 1024K, 20 young (20480K), 12 survivors (12288K)
 Metaspace       used 115185K, capacity 117967K, committed 118136K, reserved 1150976K
  class space    used 14666K, capacity 15733K, committed 15736K, reserved 1048576K
}
Event: 56.515 GC heap after
{Heap after GC invocations=45 (full 0):
 garbage-first heap   total 416768K, used 156645K [0x0000000080000000, 0x0000000100000000)
  region size 1024K, 2 young (2048K), 2 survivors (2048K)
 Metaspace       used 115185K, capacity 117967K, committed 118136K, reserved 1150976K
  class space    used 14666K, capacity 15733K, committed 15736K, reserved 1048576K
}
Event: 61.344 GC heap before
{Heap before GC invocations=45 (full 0):
 garbage-first heap   total 416768K, used 174053K [0x0000000080000000, 0x0000000100000000)
  region size 1024K, 20 young (20480K), 2 survivors (2048K)
 Metaspace       used 115355K, capacity 118194K, committed 118520K, reserved 1153024K
  class space    used 14678K, capacity 15756K, committed 15864K, reserved 1048576K
}
Event: 61.358 GC heap after
{Heap after GC invocations=46 (full 0):
 garbage-first heap   total 416768K, used 149568K [0x0000000080000000, 0x0000000100000000)
  region size 1024K, 3 young (3072K), 3 survivors (3072K)
 Metaspace       used 115355K, capacity 118194K, committed 118520K, reserved 1153024K
  class space    used 14678K, capacity 15756K, committed 15864K, reserved 1048576K
}
Event: 113.770 GC heap before
{Heap before GC invocations=46 (full 0):
 garbage-first heap   total 416768K, used 271424K [0x0000000080000000, 0x0000000100000000)
  region size 1024K, 122 young (124928K), 3 survivors (3072K)
 Metaspace       used 116289K, capacity 119250K, committed 119288K, reserved 1153024K
  class space    used 14724K, capacity 15841K, committed 15864K, reserved 1048576K
}
Event: 113.783 GC heap after
{Heap after GC invocations=47 (full 0):
 garbage-first heap   total 416768K, used 154624K [0x0000000080000000, 0x0000000100000000)
  region size 1024K, 7 young (7168K), 7 survivors (7168K)
 Metaspace       used 116289K, capacity 119250K, committed 119288K, reserved 1153024K
  class space    used 14724K, capacity 15841K, committed 15864K, reserved 1048576K
}

