# JRE version: OpenJDK Runtime Environment (11.0.12+7) (build 11.0.12+7-b1504.28-7817840)
# Java VM: OpenJDK 64-Bit Server VM (11.0.12+7-b1504.28-7817840, mixed mode, tiered, compressed oops, g1 gc, windows-amd64)
Heap:
 garbage-first heap   total 496640K, used 203417K [0x0000000080000000, 0x0000000100000000)
  region size 1024K, 2 young (2048K), 2 survivors (2048K)
 Metaspace       used 183779K, capacity 188335K, committed 189824K, reserved 1214464K
  class space    used 22815K, capacity 24442K, committed 25036K, reserved 1048576K
GC Heap History (20 events):
Event: 1413.355 GC heap after
{Heap after GC invocations=155 (full 0):
 garbage-first heap   total 283648K, used 205837K [0x0000000080000000, 0x0000000100000000)
  region size 1024K, 2 young (2048K), 2 survivors (2048K)
 Metaspace       used 183220K, capacity 187891K, committed 188928K, reserved 1214464K
  class space    used 22883K, capacity 24558K, committed 24908K, reserved 1048576K
}
Event: 1413.531 GC heap before
{Heap before GC invocations=155 (full 0):
 garbage-first heap   total 283648K, used 244749K [0x0000000080000000, 0x0000000100000000)
  region size 1024K, 41 young (41984K), 2 survivors (2048K)
 Metaspace       used 183375K, capacity 188130K, committed 189312K, reserved 1214464K
  class space    used 22892K, capacity 24595K, committed 25036K, reserved 1048576K
}
Event: 1413.541 GC heap after
{Heap after GC invocations=156 (full 0):
 garbage-first heap   total 283648K, used 206161K [0x0000000080000000, 0x0000000100000000)
  region size 1024K, 2 young (2048K), 2 survivors (2048K)
 Metaspace       used 183375K, capacity 188130K, committed 189312K, reserved 1214464K
  class space    used 22892K, capacity 24595K, committed 25036K, reserved 1048576K
}
Event: 1413.726 GC heap before
{Heap before GC invocations=156 (full 0):
 garbage-first heap   total 283648K, used 246097K [0x0000000080000000, 0x0000000100000000)
  region size 1024K, 42 young (43008K), 2 survivors (2048K)
 Metaspace       used 183436K, capacity 188146K, committed 189312K, reserved 1214464K
  class space    used 22912K, capacity 24601K, committed 25036K, reserved 1048576K
}
Event: 1413.732 GC heap after
{Heap after GC invocations=157 (full 0):
 garbage-first heap   total 283648K, used 206573K [0x0000000080000000, 0x0000000100000000)
  region size 1024K, 2 young (2048K), 2 survivors (2048K)
 Metaspace       used 183436K, capacity 188146K, committed 189312K, reserved 1214464K
  class space    used 22912K, capacity 24601K, committed 25036K, reserved 1048576K
}
Event: 1413.952 GC heap before
{Heap before GC invocations=157 (full 0):
 garbage-first heap   total 283648K, used 246509K [0x0000000080000000, 0x0000000100000000)
  region size 1024K, 42 young (43008K), 2 survivors (2048K)
 Metaspace       used 183137K, capacity 187636K, committed 189312K, reserved 1214464K
  class space    used 22805K, capacity 24407K, committed 25036K, reserved 1048576K
}
Event: 1413.957 GC heap after
{Heap after GC invocations=158 (full 0):
 garbage-first heap   total 283648K, used 206239K [0x0000000080000000, 0x0000000100000000)
  region size 1024K, 2 young (2048K), 2 survivors (2048K)
 Metaspace       used 183137K, capacity 187636K, committed 189312K, reserved 1214464K
  class space    used 22805K, capacity 24407K, committed 25036K, reserved 1048576K
}
Event: 1414.121 GC heap before
{Heap before GC invocations=159 (full 0):
 garbage-first heap   total 283648K, used 247199K [0x0000000080000000, 0x0000000100000000)
  region size 1024K, 43 young (44032K), 2 survivors (2048K)
 Metaspace       used 183220K, capacity 187773K, committed 189312K, reserved 1214464K
  class space    used 22806K, capacity 24407K, committed 25036K, reserved 1048576K
}
Event: 1414.127 GC heap after
{Heap after GC invocations=160 (full 0):
 garbage-first heap   total 283648K, used 206522K [0x0000000080000000, 0x0000000100000000)
  region size 1024K, 2 young (2048K), 2 survivors (2048K)
 Metaspace       used 183220K, capacity 187773K, committed 189312K, reserved 1214464K
  class space    used 22806K, capacity 24407K, committed 25036K, reserved 1048576K
}
Event: 1414.160 GC heap before
{Heap before GC invocations=160 (full 0):
 garbage-first heap   total 283648K, used 217786K [0x0000000080000000, 0x0000000100000000)
  region size 1024K, 13 young (13312K), 2 survivors (2048K)
 Metaspace       used 183249K, capacity 187773K, committed 189312K, reserved 1214464K
  class space    used 22806K, capacity 24407K, committed 25036K, reserved 1048576K
}
Event: 1414.213 GC heap after
{Heap after GC invocations=161 (full 0):
 garbage-first heap   total 283648K, used 205169K [0x0000000080000000, 0x0000000100000000)
  region size 1024K, 2 young (2048K), 2 survivors (2048K)
 Metaspace       used 183249K, capacity 187773K, committed 189312K, reserved 1214464K
  class space    used 22806K, capacity 24407K, committed 25036K, reserved 1048576K
}
Event: 1414.358 GC heap before
{Heap before GC invocations=161 (full 0):
 garbage-first heap   total 283648K, used 246129K [0x0000000080000000, 0x0000000100000000)
  region size 1024K, 43 young (44032K), 2 survivors (2048K)
 Metaspace       used 183334K, capacity 187838K, committed 189312K, reserved 1214464K
  class space    used 22807K, capacity 24407K, committed 25036K, reserved 1048576K
}
Event: 1414.362 GC heap after
{Heap after GC invocations=162 (full 0):
 garbage-first heap   total 283648K, used 204678K [0x0000000080000000, 0x0000000100000000)
  region size 1024K, 1 young (1024K), 1 survivors (1024K)
 Metaspace       used 183334K, capacity 187838K, committed 189312K, reserved 1214464K
  class space    used 22807K, capacity 24407K, committed 25036K, reserved 1048576K
}
Event: 1414.583 GC heap before
{Heap before GC invocations=162 (full 0):
 garbage-first heap   total 283648K, used 247686K [0x0000000080000000, 0x0000000100000000)
  region size 1024K, 43 young (44032K), 1 survivors (1024K)
 Metaspace       used 183583K, capacity 188104K, committed 189568K, reserved 1214464K
  class space    used 22808K, capacity 24409K, committed 25036K, reserved 1048576K
}
Event: 1414.586 GC heap after
{Heap after GC invocations=163 (full 0):
 garbage-first heap   total 283648K, used 204878K [0x0000000080000000, 0x0000000100000000)
  region size 1024K, 1 young (1024K), 1 survivors (1024K)
 Metaspace       used 183583K, capacity 188104K, committed 189568K, reserved 1214464K
  class space    used 22808K, capacity 24409K, committed 25036K, reserved 1048576K
}
Event: 1414.783 GC heap before
{Heap before GC invocations=164 (full 0):
 garbage-first heap   total 283648K, used 248910K [0x0000000080000000, 0x0000000100000000)
  region size 1024K, 44 young (45056K), 1 survivors (1024K)
 Metaspace       used 183724K, capacity 188269K, committed 189824K, reserved 1214464K
  class space    used 22815K, capacity 24442K, committed 25036K, reserved 1048576K
}
Event: 1414.786 GC heap after
{Heap after GC invocations=165 (full 0):
 garbage-first heap   total 283648K, used 205118K [0x0000000080000000, 0x0000000100000000)
  region size 1024K, 2 young (2048K), 2 survivors (2048K)
 Metaspace       used 183724K, capacity 188269K, committed 189824K, reserved 1214464K
  class space    used 22815K, capacity 24442K, committed 25036K, reserved 1048576K
}
Event: 1414.821 GC heap before
{Heap before GC invocations=165 (full 0):
 garbage-first heap   total 283648K, used 216382K [0x0000000080000000, 0x0000000100000000)
  region size 1024K, 13 young (13312K), 2 survivors (2048K)
 Metaspace       used 183725K, capacity 188269K, committed 189824K, reserved 1214464K
  class space    used 22815K, capacity 24442K, committed 25036K, reserved 1048576K
}
Event: 1414.829 GC heap after
{Heap after GC invocations=166 (full 0):
 garbage-first heap   total 283648K, used 203044K [0x0000000080000000, 0x0000000100000000)
  region size 1024K, 1 young (1024K), 1 survivors (1024K)
 Metaspace       used 183725K, capacity 188269K, committed 189824K, reserved 1214464K
  class space    used 22815K, capacity 24442K, committed 25036K, reserved 1048576K
}
Event: 1414.958 GC heap before
{Heap before GC invocations=166 (full 0):
 garbage-first heap   total 283648K, used 248100K [0x0000000080000000, 0x0000000100000000)
  region size 1024K, 45 young (46080K), 1 survivors (1024K)
 Metaspace       used 183779K, capacity 188335K, committed 189824K, reserved 1214464K
  class space    used 22815K, capacity 24442K, committed 25036K, reserved 1048576K
}

