# JRE version: OpenJDK Runtime Environment (11.0.12+7) (build 11.0.12+7-b1504.28-7817840)
# Java VM: OpenJDK 64-Bit Server VM (11.0.12+7-b1504.28-7817840, mixed mode, tiered, compressed oops, g1 gc, windows-amd64)
Heap:
 garbage-first heap   total 761856K, used 206044K [0x0000000080000000, 0x0000000100000000)
  region size 1024K, 1 young (1024K), 1 survivors (1024K)
 Metaspace       used 114464K, capacity 117306K, committed 117496K, reserved 1150976K
  class space    used 14641K, capacity 15775K, committed 15864K, reserved 1048576K
GC Heap History (20 events):
Event: 28.785 GC heap after
{Heap after GC invocations=47 (full 0):
 garbage-first heap   total 245760K, used 111075K [0x0000000080000000, 0x0000000100000000)
  region size 1024K, 6 young (6144K), 6 survivors (6144K)
 Metaspace       used 109461K, capacity 112113K, committed 112504K, reserved 1146880K
  class space    used 14038K, capacity 15084K, committed 15224K, reserved 1048576K
}
Event: 28.899 GC heap before
{Heap before GC invocations=47 (full 0):
 garbage-first heap   total 245760K, used 120291K [0x0000000080000000, 0x0000000100000000)
  region size 1024K, 12 young (12288K), 6 survivors (6144K)
 Metaspace       used 109463K, capacity 112113K, committed 112504K, reserved 1146880K
  class space    used 14039K, capacity 15084K, committed 15224K, reserved 1048576K
}
Event: 28.910 GC heap after
{Heap after GC invocations=48 (full 0):
 garbage-first heap   total 245760K, used 115674K [0x0000000080000000, 0x0000000100000000)
  region size 1024K, 6 young (6144K), 6 survivors (6144K)
 Metaspace       used 109463K, capacity 112113K, committed 112504K, reserved 1146880K
  class space    used 14039K, capacity 15084K, committed 15224K, reserved 1048576K
}
Event: 29.193 GC heap before
{Heap before GC invocations=49 (full 0):
 garbage-first heap   total 245760K, used 134106K [0x0000000080000000, 0x0000000100000000)
  region size 1024K, 25 young (25600K), 6 survivors (6144K)
 Metaspace       used 110585K, capacity 113262K, committed 113656K, reserved 1146880K
  class space    used 14162K, capacity 15186K, committed 15352K, reserved 1048576K
}
Event: 29.207 GC heap after
{Heap after GC invocations=50 (full 0):
 garbage-first heap   total 294912K, used 119541K [0x0000000080000000, 0x0000000100000000)
  region size 1024K, 9 young (9216K), 9 survivors (9216K)
 Metaspace       used 110585K, capacity 113262K, committed 113656K, reserved 1146880K
  class space    used 14162K, capacity 15186K, committed 15352K, reserved 1048576K
}
Event: 29.880 GC heap before
{Heap before GC invocations=51 (full 0):
 garbage-first heap   total 294912K, used 243445K [0x0000000080000000, 0x0000000100000000)
  region size 1024K, 103 young (105472K), 9 survivors (9216K)
 Metaspace       used 112194K, capacity 114911K, committed 115064K, reserved 1148928K
  class space    used 14357K, capacity 15433K, committed 15480K, reserved 1048576K
}
Event: 29.898 GC heap after
{Heap after GC invocations=52 (full 0):
 garbage-first heap   total 294912K, used 146801K [0x0000000080000000, 0x0000000100000000)
  region size 1024K, 13 young (13312K), 13 survivors (13312K)
 Metaspace       used 112194K, capacity 114911K, committed 115064K, reserved 1148928K
  class space    used 14357K, capacity 15433K, committed 15480K, reserved 1048576K
}
Event: 29.900 GC heap before
{Heap before GC invocations=52 (full 0):
 garbage-first heap   total 294912K, used 147825K [0x0000000080000000, 0x0000000100000000)
  region size 1024K, 14 young (14336K), 13 survivors (13312K)
 Metaspace       used 112194K, capacity 114911K, committed 115064K, reserved 1148928K
  class space    used 14357K, capacity 15433K, committed 15480K, reserved 1048576K
}
Event: 29.912 GC heap after
{Heap after GC invocations=53 (full 0):
 garbage-first heap   total 294912K, used 147872K [0x0000000080000000, 0x0000000100000000)
  region size 1024K, 2 young (2048K), 2 survivors (2048K)
 Metaspace       used 112194K, capacity 114911K, committed 115064K, reserved 1148928K
  class space    used 14357K, capacity 15433K, committed 15480K, reserved 1048576K
}
Event: 29.989 GC heap before
{Heap before GC invocations=53 (full 0):
 garbage-first heap   total 294912K, used 186784K [0x0000000080000000, 0x0000000100000000)
  region size 1024K, 41 young (41984K), 2 survivors (2048K)
 Metaspace       used 112198K, capacity 114915K, committed 115064K, reserved 1148928K
  class space    used 14357K, capacity 15433K, committed 15480K, reserved 1048576K
}
Event: 30.006 GC heap after
{Heap after GC invocations=54 (full 0):
 garbage-first heap   total 294912K, used 154124K [0x0000000080000000, 0x0000000100000000)
  region size 1024K, 8 young (8192K), 8 survivors (8192K)
 Metaspace       used 112198K, capacity 114915K, committed 115064K, reserved 1148928K
  class space    used 14357K, capacity 15433K, committed 15480K, reserved 1048576K
}
Event: 30.315 GC heap before
{Heap before GC invocations=54 (full 0):
 garbage-first heap   total 294912K, used 231948K [0x0000000080000000, 0x0000000100000000)
  region size 1024K, 83 young (84992K), 8 survivors (8192K)
 Metaspace       used 112614K, capacity 115407K, committed 115704K, reserved 1148928K
  class space    used 14400K, capacity 15489K, committed 15608K, reserved 1048576K
}
Event: 30.346 GC heap after
{Heap after GC invocations=55 (full 0):
 garbage-first heap   total 354304K, used 172548K [0x0000000080000000, 0x0000000100000000)
  region size 1024K, 11 young (11264K), 11 survivors (11264K)
 Metaspace       used 112614K, capacity 115407K, committed 115704K, reserved 1148928K
  class space    used 14400K, capacity 15489K, committed 15608K, reserved 1048576K
}
Event: 31.038 GC heap before
{Heap before GC invocations=56 (full 0):
 garbage-first heap   total 354304K, used 268804K [0x0000000080000000, 0x0000000100000000)
  region size 1024K, 106 young (108544K), 11 survivors (11264K)
 Metaspace       used 112674K, capacity 115410K, committed 115704K, reserved 1148928K
  class space    used 14400K, capacity 15489K, committed 15608K, reserved 1048576K
}
Event: 31.225 GC heap after
{Heap after GC invocations=57 (full 0):
 garbage-first heap   total 354304K, used 203523K [0x0000000080000000, 0x0000000100000000)
  region size 1024K, 14 young (14336K), 14 survivors (14336K)
 Metaspace       used 112674K, capacity 115410K, committed 115704K, reserved 1148928K
  class space    used 14400K, capacity 15489K, committed 15608K, reserved 1048576K
}
Event: 31.964 GC heap before
{Heap before GC invocations=57 (full 0):
 garbage-first heap   total 354304K, used 275203K [0x0000000080000000, 0x0000000100000000)
  region size 1024K, 84 young (86016K), 14 survivors (14336K)
 Metaspace       used 113217K, capacity 116080K, committed 116216K, reserved 1150976K
  class space    used 14482K, capacity 15602K, committed 15608K, reserved 1048576K
}
Event: 32.000 GC heap after
{Heap after GC invocations=58 (full 0):
 garbage-first heap   total 354304K, used 213512K [0x0000000080000000, 0x0000000100000000)
  region size 1024K, 10 young (10240K), 10 survivors (10240K)
 Metaspace       used 113217K, capacity 116080K, committed 116216K, reserved 1150976K
  class space    used 14482K, capacity 15602K, committed 15608K, reserved 1048576K
}
Event: 32.830 GC heap before
{Heap before GC invocations=59 (full 0):
 garbage-first heap   total 354304K, used 277448K [0x0000000080000000, 0x0000000100000000)
  region size 1024K, 76 young (77824K), 10 survivors (10240K)
 Metaspace       used 114368K, capacity 117242K, committed 117496K, reserved 1150976K
  class space    used 14618K, capacity 15775K, committed 15864K, reserved 1048576K
}
Event: 32.860 GC heap after
{Heap after GC invocations=60 (full 0):
 garbage-first heap   total 354304K, used 213654K [0x0000000080000000, 0x0000000100000000)
  region size 1024K, 5 young (5120K), 5 survivors (5120K)
 Metaspace       used 114368K, capacity 117242K, committed 117496K, reserved 1150976K
  class space    used 14618K, capacity 15775K, committed 15864K, reserved 1048576K
}
Event: 33.172 GC heap before
{Heap before GC invocations=60 (full 0):
 garbage-first heap   total 354304K, used 229014K [0x0000000080000000, 0x0000000100000000)
  region size 1024K, 17 young (17408K), 5 survivors (5120K)
 Metaspace       used 114464K, capacity 117306K, committed 117496K, reserved 1150976K
  class space    used 14641K, capacity 15775K, committed 15864K, reserved 1048576K
}

