# JRE version: OpenJDK Runtime Environment (11.0.12+7) (build 11.0.12+7-b1504.28-7817840)
# Java VM: OpenJDK 64-Bit Server VM (11.0.12+7-b1504.28-7817840, mixed mode, tiered, compressed oops, g1 gc, windows-amd64)
Heap:
 garbage-first heap   total 490496K, used 192718K [0x0000000080000000, 0x0000000100000000)
  region size 1024K, 9 young (9216K), 9 survivors (9216K)
 Metaspace       used 120132K, capacity 123009K, committed 123344K, reserved 1157120K
  class space    used 15078K, capacity 16214K, committed 16336K, reserved 1048576K
GC Heap History (20 events):
Event: 25.555 GC heap after
{Heap after GC invocations=38 (full 0):
 garbage-first heap   total 225280K, used 106063K [0x0000000080000000, 0x0000000100000000)
  region size 1024K, 2 young (2048K), 2 survivors (2048K)
 Metaspace       used 110019K, capacity 112361K, committed 112592K, reserved 1146880K
  class space    used 13555K, capacity 14380K, committed 14544K, reserved 1048576K
}
Event: 26.127 GC heap before
{Heap before GC invocations=39 (full 0):
 garbage-first heap   total 225280K, used 147023K [0x0000000080000000, 0x0000000100000000)
  region size 1024K, 43 young (44032K), 2 survivors (2048K)
 Metaspace       used 110158K, capacity 112389K, committed 112848K, reserved 1146880K
  class space    used 13564K, capacity 14364K, committed 14544K, reserved 1048576K
}
Event: 26.131 GC heap after
{Heap after GC invocations=40 (full 0):
 garbage-first heap   total 225280K, used 105016K [0x0000000080000000, 0x0000000100000000)
  region size 1024K, 3 young (3072K), 3 survivors (3072K)
 Metaspace       used 110158K, capacity 112389K, committed 112848K, reserved 1146880K
  class space    used 13564K, capacity 14364K, committed 14544K, reserved 1048576K
}
Event: 26.586 GC heap before
{Heap before GC invocations=41 (full 0):
 garbage-first heap   total 225280K, used 196152K [0x0000000080000000, 0x0000000100000000)
  region size 1024K, 77 young (78848K), 3 survivors (3072K)
 Metaspace       used 113870K, capacity 116189K, committed 116304K, reserved 1150976K
  class space    used 14044K, capacity 14868K, committed 14928K, reserved 1048576K
}
Event: 26.595 GC heap after
{Heap after GC invocations=42 (full 0):
 garbage-first heap   total 225280K, used 114155K [0x0000000080000000, 0x0000000100000000)
  region size 1024K, 10 young (10240K), 10 survivors (10240K)
 Metaspace       used 113870K, capacity 116189K, committed 116304K, reserved 1150976K
  class space    used 14044K, capacity 14868K, committed 14928K, reserved 1048576K
}
Event: 26.794 GC heap before
{Heap before GC invocations=42 (full 0):
 garbage-first heap   total 225280K, used 181739K [0x0000000080000000, 0x0000000100000000)
  region size 1024K, 77 young (78848K), 10 survivors (10240K)
 Metaspace       used 114494K, capacity 116859K, committed 116944K, reserved 1150976K
  class space    used 14127K, capacity 14981K, committed 15056K, reserved 1048576K
}
Event: 26.818 GC heap after
{Heap after GC invocations=43 (full 0):
 garbage-first heap   total 225280K, used 131071K [0x0000000080000000, 0x0000000100000000)
  region size 1024K, 10 young (10240K), 10 survivors (10240K)
 Metaspace       used 114494K, capacity 116859K, committed 116944K, reserved 1150976K
  class space    used 14127K, capacity 14981K, committed 15056K, reserved 1048576K
}
Event: 26.967 GC heap before
{Heap before GC invocations=43 (full 0):
 garbage-first heap   total 225280K, used 182271K [0x0000000080000000, 0x0000000100000000)
  region size 1024K, 62 young (63488K), 10 survivors (10240K)
 Metaspace       used 115073K, capacity 117446K, committed 117584K, reserved 1150976K
  class space    used 14214K, capacity 15072K, committed 15184K, reserved 1048576K
}
Event: 26.984 GC heap after
{Heap after GC invocations=44 (full 0):
 garbage-first heap   total 225280K, used 141748K [0x0000000080000000, 0x0000000100000000)
  region size 1024K, 8 young (8192K), 8 survivors (8192K)
 Metaspace       used 115073K, capacity 117446K, committed 117584K, reserved 1150976K
  class space    used 14214K, capacity 15072K, committed 15184K, reserved 1048576K
}
Event: 27.123 GC heap before
{Heap before GC invocations=44 (full 0):
 garbage-first heap   total 225280K, used 181684K [0x0000000080000000, 0x0000000100000000)
  region size 1024K, 48 young (49152K), 8 survivors (8192K)
 Metaspace       used 115626K, capacity 118032K, committed 118096K, reserved 1153024K
  class space    used 14278K, capacity 15138K, committed 15184K, reserved 1048576K
}
Event: 27.145 GC heap after
{Heap after GC invocations=45 (full 0):
 garbage-first heap   total 225280K, used 149284K [0x0000000080000000, 0x0000000100000000)
  region size 1024K, 6 young (6144K), 6 survivors (6144K)
 Metaspace       used 115626K, capacity 118032K, committed 118096K, reserved 1153024K
  class space    used 14278K, capacity 15138K, committed 15184K, reserved 1048576K
}
Event: 27.212 GC heap before
{Heap before GC invocations=46 (full 0):
 garbage-first heap   total 225280K, used 185124K [0x0000000080000000, 0x0000000100000000)
  region size 1024K, 41 young (41984K), 6 survivors (6144K)
 Metaspace       used 116199K, capacity 118580K, committed 118736K, reserved 1153024K
  class space    used 14353K, capacity 15212K, committed 15312K, reserved 1048576K
}
Event: 27.229 GC heap after
{Heap after GC invocations=47 (full 0):
 garbage-first heap   total 320512K, used 156672K [0x0000000080000000, 0x0000000100000000)
  region size 1024K, 6 young (6144K), 6 survivors (6144K)
 Metaspace       used 116199K, capacity 118580K, committed 118736K, reserved 1153024K
  class space    used 14353K, capacity 15212K, committed 15312K, reserved 1048576K
}
Event: 27.252 GC heap before
{Heap before GC invocations=47 (full 0):
 garbage-first heap   total 320512K, used 164864K [0x0000000080000000, 0x0000000100000000)
  region size 1024K, 15 young (15360K), 6 survivors (6144K)
 Metaspace       used 116474K, capacity 118850K, committed 118992K, reserved 1153024K
  class space    used 14369K, capacity 15219K, committed 15312K, reserved 1048576K
}
Event: 27.262 GC heap after
{Heap after GC invocations=48 (full 0):
 garbage-first heap   total 320512K, used 158902K [0x0000000080000000, 0x0000000100000000)
  region size 1024K, 2 young (2048K), 2 survivors (2048K)
 Metaspace       used 116474K, capacity 118850K, committed 118992K, reserved 1153024K
  class space    used 14369K, capacity 15219K, committed 15312K, reserved 1048576K
}
Event: 27.699 GC heap before
{Heap before GC invocations=48 (full 0):
 garbage-first heap   total 320512K, used 226486K [0x0000000080000000, 0x0000000100000000)
  region size 1024K, 68 young (69632K), 2 survivors (2048K)
 Metaspace       used 117383K, capacity 120050K, committed 120144K, reserved 1153024K
  class space    used 14600K, capacity 15668K, committed 15696K, reserved 1048576K
}
Event: 27.718 GC heap after
{Heap after GC invocations=49 (full 0):
 garbage-first heap   total 320512K, used 170714K [0x0000000080000000, 0x0000000100000000)
  region size 1024K, 9 young (9216K), 9 survivors (9216K)
 Metaspace       used 117383K, capacity 120050K, committed 120144K, reserved 1153024K
  class space    used 14600K, capacity 15668K, committed 15696K, reserved 1048576K
}
Event: 27.824 GC heap before
{Heap before GC invocations=49 (full 0):
 garbage-first heap   total 320512K, used 236250K [0x0000000080000000, 0x0000000100000000)
  region size 1024K, 73 young (74752K), 9 survivors (9216K)
 Metaspace       used 117855K, capacity 120581K, committed 120784K, reserved 1155072K
  class space    used 14698K, capacity 15779K, committed 15824K, reserved 1048576K
}
Event: 27.845 GC heap after
{Heap after GC invocations=50 (full 0):
 garbage-first heap   total 320512K, used 181832K [0x0000000080000000, 0x0000000100000000)
  region size 1024K, 10 young (10240K), 10 survivors (10240K)
 Metaspace       used 117855K, capacity 120581K, committed 120784K, reserved 1155072K
  class space    used 14698K, capacity 15779K, committed 15824K, reserved 1048576K
}
Event: 28.050 GC heap before
{Heap before GC invocations=50 (full 0):
 garbage-first heap   total 320512K, used 244296K [0x0000000080000000, 0x0000000100000000)
  region size 1024K, 71 young (72704K), 10 survivors (10240K)
 Metaspace       used 120132K, capacity 123009K, committed 123344K, reserved 1157120K
  class space    used 15078K, capacity 16214K, committed 16336K, reserved 1048576K
}

