# JRE version: OpenJDK Runtime Environment (11.0.12+7) (build 11.0.12+7-b1504.28-7817840)
# Java VM: OpenJDK 64-Bit Server VM (11.0.12+7-b1504.28-7817840, mixed mode, tiered, compressed oops, g1 gc, windows-amd64)
Heap:
 garbage-first heap   total 508928K, used 161179K [0x0000000080000000, 0x0000000100000000)
  region size 1024K, 5 young (5120K), 5 survivors (5120K)
 Metaspace       used 119687K, capacity 122279K, committed 123384K, reserved 1157120K
  class space    used 14892K, capacity 15912K, committed 16376K, reserved 1048576K
GC Heap History (20 events):
Event: 77.728 GC heap after
{Heap after GC invocations=71 (full 0):
 garbage-first heap   total 225280K, used 157750K [0x0000000080000000, 0x0000000100000000)
  region size 1024K, 1 young (1024K), 1 survivors (1024K)
 Metaspace       used 119129K, capacity 121754K, committed 122872K, reserved 1155072K
  class space    used 14882K, capacity 15898K, committed 16376K, reserved 1048576K
}
Event: 77.817 GC heap before
{Heap before GC invocations=71 (full 0):
 garbage-first heap   total 225280K, used 194614K [0x0000000080000000, 0x0000000100000000)
  region size 1024K, 38 young (38912K), 1 survivors (1024K)
 Metaspace       used 119224K, capacity 121883K, committed 123128K, reserved 1157120K
  class space    used 14882K, capacity 15898K, committed 16376K, reserved 1048576K
}
Event: 77.821 GC heap after
{Heap after GC invocations=72 (full 0):
 garbage-first heap   total 225280K, used 157838K [0x0000000080000000, 0x0000000100000000)
  region size 1024K, 2 young (2048K), 2 survivors (2048K)
 Metaspace       used 119224K, capacity 121883K, committed 123128K, reserved 1157120K
  class space    used 14882K, capacity 15898K, committed 16376K, reserved 1048576K
}
Event: 77.913 GC heap before
{Heap before GC invocations=72 (full 0):
 garbage-first heap   total 225280K, used 194702K [0x0000000080000000, 0x0000000100000000)
  region size 1024K, 39 young (39936K), 2 survivors (2048K)
 Metaspace       used 119313K, capacity 121966K, committed 123128K, reserved 1157120K
  class space    used 14886K, capacity 15902K, committed 16376K, reserved 1048576K
}
Event: 77.919 GC heap after
{Heap after GC invocations=73 (full 0):
 garbage-first heap   total 278528K, used 158008K [0x0000000080000000, 0x0000000100000000)
  region size 1024K, 2 young (2048K), 2 survivors (2048K)
 Metaspace       used 119313K, capacity 121966K, committed 123128K, reserved 1157120K
  class space    used 14886K, capacity 15902K, committed 16376K, reserved 1048576K
}
Event: 78.081 GC heap before
{Heap before GC invocations=73 (full 0):
 garbage-first heap   total 278528K, used 218424K [0x0000000080000000, 0x0000000100000000)
  region size 1024K, 61 young (62464K), 2 survivors (2048K)
 Metaspace       used 119419K, capacity 122056K, committed 123128K, reserved 1157120K
  class space    used 14889K, capacity 15907K, committed 16376K, reserved 1048576K
}
Event: 78.086 GC heap after
{Heap after GC invocations=74 (full 0):
 garbage-first heap   total 278528K, used 158122K [0x0000000080000000, 0x0000000100000000)
  region size 1024K, 2 young (2048K), 2 survivors (2048K)
 Metaspace       used 119419K, capacity 122056K, committed 123128K, reserved 1157120K
  class space    used 14889K, capacity 15907K, committed 16376K, reserved 1048576K
}
Event: 78.216 GC heap before
{Heap before GC invocations=74 (full 0):
 garbage-first heap   total 278528K, used 222634K [0x0000000080000000, 0x0000000100000000)
  region size 1024K, 65 young (66560K), 2 survivors (2048K)
 Metaspace       used 119471K, capacity 122130K, committed 123128K, reserved 1157120K
  class space    used 14890K, capacity 15908K, committed 16376K, reserved 1048576K
}
Event: 78.220 GC heap after
{Heap after GC invocations=75 (full 0):
 garbage-first heap   total 278528K, used 158409K [0x0000000080000000, 0x0000000100000000)
  region size 1024K, 2 young (2048K), 2 survivors (2048K)
 Metaspace       used 119471K, capacity 122130K, committed 123128K, reserved 1157120K
  class space    used 14890K, capacity 15908K, committed 16376K, reserved 1048576K
}
Event: 78.344 GC heap before
{Heap before GC invocations=75 (full 0):
 garbage-first heap   total 278528K, used 225993K [0x0000000080000000, 0x0000000100000000)
  region size 1024K, 68 young (69632K), 2 survivors (2048K)
 Metaspace       used 119490K, capacity 122131K, committed 123128K, reserved 1157120K
  class space    used 14890K, capacity 15908K, committed 16376K, reserved 1048576K
}
Event: 78.349 GC heap after
{Heap after GC invocations=76 (full 0):
 garbage-first heap   total 278528K, used 158811K [0x0000000080000000, 0x0000000100000000)
  region size 1024K, 3 young (3072K), 3 survivors (3072K)
 Metaspace       used 119490K, capacity 122131K, committed 123128K, reserved 1157120K
  class space    used 14890K, capacity 15908K, committed 16376K, reserved 1048576K
}
Event: 78.492 GC heap before
{Heap before GC invocations=76 (full 0):
 garbage-first heap   total 278528K, used 227419K [0x0000000080000000, 0x0000000100000000)
  region size 1024K, 70 young (71680K), 3 survivors (3072K)
 Metaspace       used 119520K, capacity 122132K, committed 123128K, reserved 1157120K
  class space    used 14890K, capacity 15908K, committed 16376K, reserved 1048576K
}
Event: 78.501 GC heap after
{Heap after GC invocations=77 (full 0):
 garbage-first heap   total 342016K, used 159223K [0x0000000080000000, 0x0000000100000000)
  region size 1024K, 3 young (3072K), 3 survivors (3072K)
 Metaspace       used 119520K, capacity 122132K, committed 123128K, reserved 1157120K
  class space    used 14890K, capacity 15908K, committed 16376K, reserved 1048576K
}
Event: 78.848 GC heap before
{Heap before GC invocations=77 (full 0):
 garbage-first heap   total 342016K, used 263671K [0x0000000080000000, 0x0000000100000000)
  region size 1024K, 105 young (107520K), 3 survivors (3072K)
 Metaspace       used 119557K, capacity 122198K, committed 123384K, reserved 1157120K
  class space    used 14890K, capacity 15908K, committed 16376K, reserved 1048576K
}
Event: 78.856 GC heap after
{Heap after GC invocations=78 (full 0):
 garbage-first heap   total 342016K, used 159675K [0x0000000080000000, 0x0000000100000000)
  region size 1024K, 3 young (3072K), 3 survivors (3072K)
 Metaspace       used 119557K, capacity 122198K, committed 123384K, reserved 1157120K
  class space    used 14890K, capacity 15908K, committed 16376K, reserved 1048576K
}
Event: 79.114 GC heap before
{Heap before GC invocations=78 (full 0):
 garbage-first heap   total 342016K, used 274363K [0x0000000080000000, 0x0000000100000000)
  region size 1024K, 115 young (117760K), 3 survivors (3072K)
 Metaspace       used 119601K, capacity 122201K, committed 123384K, reserved 1157120K
  class space    used 14890K, capacity 15909K, committed 16376K, reserved 1048576K
}
Event: 79.124 GC heap after
{Heap after GC invocations=79 (full 0):
 garbage-first heap   total 342016K, used 160314K [0x0000000080000000, 0x0000000100000000)
  region size 1024K, 4 young (4096K), 4 survivors (4096K)
 Metaspace       used 119601K, capacity 122201K, committed 123384K, reserved 1157120K
  class space    used 14890K, capacity 15909K, committed 16376K, reserved 1048576K
}
Event: 79.366 GC heap before
{Heap before GC invocations=79 (full 0):
 garbage-first heap   total 342016K, used 279098K [0x0000000080000000, 0x0000000100000000)
  region size 1024K, 120 young (122880K), 4 survivors (4096K)
 Metaspace       used 119654K, capacity 122270K, committed 123384K, reserved 1157120K
  class space    used 14891K, capacity 15909K, committed 16376K, reserved 1048576K
}
Event: 79.377 GC heap after
{Heap after GC invocations=80 (full 0):
 garbage-first heap   total 342016K, used 160725K [0x0000000080000000, 0x0000000100000000)
  region size 1024K, 4 young (4096K), 4 survivors (4096K)
 Metaspace       used 119654K, capacity 122270K, committed 123384K, reserved 1157120K
  class space    used 14891K, capacity 15909K, committed 16376K, reserved 1048576K
}
Event: 79.670 GC heap before
{Heap before GC invocations=80 (full 0):
 garbage-first heap   total 342016K, used 286677K [0x0000000080000000, 0x0000000100000000)
  region size 1024K, 127 young (130048K), 4 survivors (4096K)
 Metaspace       used 119687K, capacity 122279K, committed 123384K, reserved 1157120K
  class space    used 14892K, capacity 15912K, committed 16376K, reserved 1048576K
}

