# JRE version: OpenJDK Runtime Environment (11.0.12+7) (build 11.0.12+7-b1504.28-7817840)
# Java VM: OpenJDK 64-Bit Server VM (11.0.12+7-b1504.28-7817840, mixed mode, tiered, compressed oops, g1 gc, windows-amd64)
Heap:
 garbage-first heap   total 155648K, used 114846K [0x0000000080000000, 0x0000000100000000)
  region size 1024K, 57 young (58368K), 3 survivors (3072K)
 Metaspace       used 69443K, capacity 70913K, committed 71296K, reserved 1112064K
  class space    used 8778K, capacity 9392K, committed 9472K, reserved 1048576K
GC Heap History (20 events):
Event: 4.625 GC heap before
{Heap before GC invocations=2 (full 0):
 garbage-first heap   total 129024K, used 64574K [0x0000000080000000, 0x0000000100000000)
  region size 1024K, 54 young (55296K), 1 survivors (1024K)
 Metaspace       used 17679K, capacity 18101K, committed 18432K, reserved 1064960K
  class space    used 2102K, capacity 2211K, committed 2304K, reserved 1048576K
}
Event: 4.673 GC heap after
{Heap after GC invocations=3 (full 0):
 garbage-first heap   total 129024K, used 16477K [0x0000000080000000, 0x0000000100000000)
  region size 1024K, 7 young (7168K), 7 survivors (7168K)
 Metaspace       used 17679K, capacity 18101K, committed 18432K, reserved 1064960K
  class space    used 2102K, capacity 2211K, committed 2304K, reserved 1048576K
}
Event: 5.851 GC heap before
{Heap before GC invocations=3 (full 0):
 garbage-first heap   total 129024K, used 43101K [0x0000000080000000, 0x0000000100000000)
  region size 1024K, 34 young (34816K), 7 survivors (7168K)
 Metaspace       used 20685K, capacity 21137K, committed 21248K, reserved 1067008K
  class space    used 2548K, capacity 2712K, committed 2816K, reserved 1048576K
}
Event: 5.861 GC heap after
{Heap after GC invocations=4 (full 0):
 garbage-first heap   total 129024K, used 17752K [0x0000000080000000, 0x0000000100000000)
  region size 1024K, 2 young (2048K), 2 survivors (2048K)
 Metaspace       used 20685K, capacity 21137K, committed 21248K, reserved 1067008K
  class space    used 2548K, capacity 2712K, committed 2816K, reserved 1048576K
}
Event: 6.952 GC heap before
{Heap before GC invocations=5 (full 0):
 garbage-first heap   total 129024K, used 73048K [0x0000000080000000, 0x0000000100000000)
  region size 1024K, 56 young (57344K), 2 survivors (2048K)
 Metaspace       used 26555K, capacity 27171K, committed 27264K, reserved 1073152K
  class space    used 3465K, capacity 3670K, committed 3712K, reserved 1048576K
}
Event: 6.956 GC heap after
{Heap after GC invocations=6 (full 0):
 garbage-first heap   total 129024K, used 19706K [0x0000000080000000, 0x0000000100000000)
  region size 1024K, 3 young (3072K), 3 survivors (3072K)
 Metaspace       used 26555K, capacity 27171K, committed 27264K, reserved 1073152K
  class space    used 3465K, capacity 3670K, committed 3712K, reserved 1048576K
}
Event: 8.980 GC heap before
{Heap before GC invocations=6 (full 0):
 garbage-first heap   total 129024K, used 82170K [0x0000000080000000, 0x0000000100000000)
  region size 1024K, 65 young (66560K), 3 survivors (3072K)
 Metaspace       used 34757K, capacity 35570K, committed 35840K, reserved 1081344K
  class space    used 4520K, capacity 4834K, committed 4864K, reserved 1048576K
}
Event: 8.993 GC heap after
{Heap after GC invocations=7 (full 0):
 garbage-first heap   total 129024K, used 22804K [0x0000000080000000, 0x0000000100000000)
  region size 1024K, 6 young (6144K), 6 survivors (6144K)
 Metaspace       used 34757K, capacity 35570K, committed 35840K, reserved 1081344K
  class space    used 4520K, capacity 4834K, committed 4864K, reserved 1048576K
}
Event: 9.863 GC heap before
{Heap before GC invocations=8 (full 0):
 garbage-first heap   total 129024K, used 90388K [0x0000000080000000, 0x0000000100000000)
  region size 1024K, 69 young (70656K), 6 survivors (6144K)
 Metaspace       used 40399K, capacity 41302K, committed 41548K, reserved 1085440K
  class space    used 5159K, capacity 5477K, committed 5504K, reserved 1048576K
}
Event: 9.884 GC heap after
{Heap after GC invocations=9 (full 0):
 garbage-first heap   total 129024K, used 29196K [0x0000000080000000, 0x0000000100000000)
  region size 1024K, 9 young (9216K), 9 survivors (9216K)
 Metaspace       used 40399K, capacity 41302K, committed 41548K, reserved 1085440K
  class space    used 5159K, capacity 5477K, committed 5504K, reserved 1048576K
}
Event: 10.958 GC heap before
{Heap before GC invocations=10 (full 0):
 garbage-first heap   total 129024K, used 92684K [0x0000000080000000, 0x0000000100000000)
  region size 1024K, 70 young (71680K), 9 survivors (9216K)
 Metaspace       used 45575K, capacity 46612K, committed 46668K, reserved 1089536K
  class space    used 5874K, capacity 6246K, committed 6272K, reserved 1048576K
}
Event: 10.969 GC heap after
{Heap after GC invocations=11 (full 0):
 garbage-first heap   total 155648K, used 31705K [0x0000000080000000, 0x0000000100000000)
  region size 1024K, 3 young (3072K), 3 survivors (3072K)
 Metaspace       used 45575K, capacity 46612K, committed 46668K, reserved 1089536K
  class space    used 5874K, capacity 6246K, committed 6272K, reserved 1048576K
}
Event: 12.407 GC heap before
{Heap before GC invocations=11 (full 0):
 garbage-first heap   total 155648K, used 109529K [0x0000000080000000, 0x0000000100000000)
  region size 1024K, 72 young (73728K), 3 survivors (3072K)
 Metaspace       used 48421K, capacity 49588K, committed 49740K, reserved 1091584K
  class space    used 6204K, capacity 6657K, committed 6784K, reserved 1048576K
}
Event: 12.434 GC heap after
{Heap after GC invocations=12 (full 0):
 garbage-first heap   total 155648K, used 50176K [0x0000000080000000, 0x0000000100000000)
  region size 1024K, 9 young (9216K), 9 survivors (9216K)
 Metaspace       used 48421K, capacity 49588K, committed 49740K, reserved 1091584K
  class space    used 6204K, capacity 6657K, committed 6784K, reserved 1048576K
}
Event: 13.876 GC heap before
{Heap before GC invocations=12 (full 0):
 garbage-first heap   total 155648K, used 113664K [0x0000000080000000, 0x0000000100000000)
  region size 1024K, 71 young (72704K), 9 survivors (9216K)
 Metaspace       used 56584K, capacity 57858K, committed 58188K, reserved 1099776K
  class space    used 7193K, capacity 7682K, committed 7808K, reserved 1048576K
}
Event: 13.885 GC heap after
{Heap after GC invocations=13 (full 0):
 garbage-first heap   total 155648K, used 53561K [0x0000000080000000, 0x0000000100000000)
  region size 1024K, 4 young (4096K), 4 survivors (4096K)
 Metaspace       used 56584K, capacity 57858K, committed 58188K, reserved 1099776K
  class space    used 7193K, capacity 7682K, committed 7808K, reserved 1048576K
}
Event: 15.055 GC heap before
{Heap before GC invocations=13 (full 0):
 garbage-first heap   total 155648K, used 116025K [0x0000000080000000, 0x0000000100000000)
  region size 1024K, 66 young (67584K), 4 survivors (4096K)
 Metaspace       used 64121K, capacity 65475K, committed 65740K, reserved 1105920K
  class space    used 8103K, capacity 8635K, committed 8704K, reserved 1048576K
}
Event: 15.063 GC heap after
{Heap after GC invocations=14 (full 0):
 garbage-first heap   total 155648K, used 58198K [0x0000000080000000, 0x0000000100000000)
  region size 1024K, 8 young (8192K), 8 survivors (8192K)
 Metaspace       used 64121K, capacity 65475K, committed 65740K, reserved 1105920K
  class space    used 8103K, capacity 8635K, committed 8704K, reserved 1048576K
}
Event: 15.533 GC heap before
{Heap before GC invocations=14 (full 0):
 garbage-first heap   total 155648K, used 99158K [0x0000000080000000, 0x0000000100000000)
  region size 1024K, 48 young (49152K), 8 survivors (8192K)
 Metaspace       used 67682K, capacity 69117K, committed 69248K, reserved 1110016K
  class space    used 8565K, capacity 9160K, committed 9216K, reserved 1048576K
}
Event: 15.542 GC heap after
{Heap after GC invocations=15 (full 0):
 garbage-first heap   total 155648K, used 60574K [0x0000000080000000, 0x0000000100000000)
  region size 1024K, 3 young (3072K), 3 survivors (3072K)
 Metaspace       used 67682K, capacity 69117K, committed 69248K, reserved 1110016K
  class space    used 8565K, capacity 9160K, committed 9216K, reserved 1048576K
}

