# JRE version: OpenJDK Runtime Environment (11.0.12+7) (build 11.0.12+7-b1504.28-7817840)
# Java VM: OpenJDK 64-Bit Server VM (11.0.12+7-b1504.28-7817840, mixed mode, tiered, compressed oops, g1 gc, windows-amd64)
Heap:
 garbage-first heap   total 225280K, used 161111K [0x0000000080000000, 0x0000000100000000)
  region size 1024K, 46 young (47104K), 7 survivors (7168K)
 Metaspace       used 100807K, capacity 103036K, committed 103160K, reserved 1138688K
  class space    used 12872K, capacity 13719K, committed 13824K, reserved 1048576K
GC Heap History (20 events):
Event: 16.580 GC heap before
{Heap before GC invocations=20 (full 0):
 garbage-first heap   total 187392K, used 144759K [0x0000000080000000, 0x0000000100000000)
  region size 1024K, 76 young (77824K), 8 survivors (8192K)
 Metaspace       used 85527K, capacity 87327K, committed 87544K, reserved 1124352K
  class space    used 11088K, capacity 11757K, committed 11776K, reserved 1048576K
}
Event: 16.597 GC heap after
{Heap after GC invocations=21 (full 0):
 garbage-first heap   total 187392K, used 84138K [0x0000000080000000, 0x0000000100000000)
  region size 1024K, 10 young (10240K), 10 survivors (10240K)
 Metaspace       used 85527K, capacity 87327K, committed 87544K, reserved 1124352K
  class space    used 11088K, capacity 11757K, committed 11776K, reserved 1048576K
}
Event: 18.004 GC heap before
{Heap before GC invocations=21 (full 0):
 garbage-first heap   total 187392K, used 146602K [0x0000000080000000, 0x0000000100000000)
  region size 1024K, 72 young (73728K), 10 survivors (10240K)
 Metaspace       used 89461K, capacity 91634K, committed 91768K, reserved 1128448K
  class space    used 11578K, capacity 12377K, committed 12416K, reserved 1048576K
}
Event: 18.030 GC heap after
{Heap after GC invocations=22 (full 0):
 garbage-first heap   total 187392K, used 94208K [0x0000000080000000, 0x0000000100000000)
  region size 1024K, 9 young (9216K), 9 survivors (9216K)
 Metaspace       used 89461K, capacity 91634K, committed 91768K, reserved 1128448K
  class space    used 11578K, capacity 12377K, committed 12416K, reserved 1048576K
}
Event: 18.863 GC heap before
{Heap before GC invocations=22 (full 0):
 garbage-first heap   total 187392K, used 149504K [0x0000000080000000, 0x0000000100000000)
  region size 1024K, 64 young (65536K), 9 survivors (9216K)
 Metaspace       used 90105K, capacity 92280K, committed 92408K, reserved 1128448K
  class space    used 11605K, capacity 12428K, committed 12544K, reserved 1048576K
}
Event: 18.878 GC heap after
{Heap after GC invocations=23 (full 0):
 garbage-first heap   total 187392K, used 99670K [0x0000000080000000, 0x0000000100000000)
  region size 1024K, 5 young (5120K), 5 survivors (5120K)
 Metaspace       used 90105K, capacity 92280K, committed 92408K, reserved 1128448K
  class space    used 11605K, capacity 12428K, committed 12544K, reserved 1048576K
}
Event: 19.819 GC heap before
{Heap before GC invocations=24 (full 0):
 garbage-first heap   total 187392K, used 150870K [0x0000000080000000, 0x0000000100000000)
  region size 1024K, 56 young (57344K), 5 survivors (5120K)
 Metaspace       used 90634K, capacity 92816K, committed 92920K, reserved 1130496K
  class space    used 11648K, capacity 12452K, committed 12544K, reserved 1048576K
}
Event: 19.829 GC heap after
{Heap after GC invocations=25 (full 0):
 garbage-first heap   total 187392K, used 104316K [0x0000000080000000, 0x0000000100000000)
  region size 1024K, 5 young (5120K), 5 survivors (5120K)
 Metaspace       used 90634K, capacity 92816K, committed 92920K, reserved 1130496K
  class space    used 11648K, capacity 12452K, committed 12544K, reserved 1048576K
}
Event: 20.430 GC heap before
{Heap before GC invocations=25 (full 0):
 garbage-first heap   total 187392K, used 152444K [0x0000000080000000, 0x0000000100000000)
  region size 1024K, 53 young (54272K), 5 survivors (5120K)
 Metaspace       used 92475K, capacity 94576K, committed 94712K, reserved 1130496K
  class space    used 11896K, capacity 12710K, committed 12800K, reserved 1048576K
}
Event: 20.439 GC heap after
{Heap after GC invocations=26 (full 0):
 garbage-first heap   total 187392K, used 106532K [0x0000000080000000, 0x0000000100000000)
  region size 1024K, 3 young (3072K), 3 survivors (3072K)
 Metaspace       used 92475K, capacity 94576K, committed 94712K, reserved 1130496K
  class space    used 11896K, capacity 12710K, committed 12800K, reserved 1048576K
}
Event: 21.214 GC heap before
{Heap before GC invocations=27 (full 0):
 garbage-first heap   total 187392K, used 155684K [0x0000000080000000, 0x0000000100000000)
  region size 1024K, 51 young (52224K), 3 survivors (3072K)
 Metaspace       used 96049K, capacity 98124K, committed 98424K, reserved 1134592K
  class space    used 12300K, capacity 13081K, committed 13184K, reserved 1048576K
}
Event: 21.223 GC heap after
{Heap after GC invocations=28 (full 0):
 garbage-first heap   total 187392K, used 108172K [0x0000000080000000, 0x0000000100000000)
  region size 1024K, 5 young (5120K), 5 survivors (5120K)
 Metaspace       used 96049K, capacity 98124K, committed 98424K, reserved 1134592K
  class space    used 12300K, capacity 13081K, committed 13184K, reserved 1048576K
}
Event: 21.919 GC heap before
{Heap before GC invocations=28 (full 0):
 garbage-first heap   total 187392K, used 155276K [0x0000000080000000, 0x0000000100000000)
  region size 1024K, 52 young (53248K), 5 survivors (5120K)
 Metaspace       used 97145K, capacity 99272K, committed 99576K, reserved 1136640K
  class space    used 12410K, capacity 13177K, committed 13312K, reserved 1048576K
}
Event: 21.935 GC heap after
{Heap after GC invocations=29 (full 0):
 garbage-first heap   total 187392K, used 113300K [0x0000000080000000, 0x0000000100000000)
  region size 1024K, 7 young (7168K), 7 survivors (7168K)
 Metaspace       used 97145K, capacity 99272K, committed 99576K, reserved 1136640K
  class space    used 12410K, capacity 13177K, committed 13312K, reserved 1048576K
}
Event: 22.636 GC heap before
{Heap before GC invocations=30 (full 0):
 garbage-first heap   total 187392K, used 156308K [0x0000000080000000, 0x0000000100000000)
  region size 1024K, 50 young (51200K), 7 survivors (7168K)
 Metaspace       used 97334K, capacity 99481K, committed 99832K, reserved 1136640K
  class space    used 12412K, capacity 13178K, committed 13312K, reserved 1048576K
}
Event: 22.652 GC heap after
{Heap after GC invocations=31 (full 0):
 garbage-first heap   total 225280K, used 116566K [0x0000000080000000, 0x0000000100000000)
  region size 1024K, 4 young (4096K), 4 survivors (4096K)
 Metaspace       used 97334K, capacity 99481K, committed 99832K, reserved 1136640K
  class space    used 12412K, capacity 13178K, committed 13312K, reserved 1048576K
}
Event: 23.123 GC heap before
{Heap before GC invocations=31 (full 0):
 garbage-first heap   total 225280K, used 172886K [0x0000000080000000, 0x0000000100000000)
  region size 1024K, 60 young (61440K), 4 survivors (4096K)
 Metaspace       used 97541K, capacity 99662K, committed 99832K, reserved 1136640K
  class space    used 12433K, capacity 13215K, committed 13312K, reserved 1048576K
}
Event: 23.131 GC heap after
{Heap after GC invocations=32 (full 0):
 garbage-first heap   total 225280K, used 119152K [0x0000000080000000, 0x0000000100000000)
  region size 1024K, 6 young (6144K), 6 survivors (6144K)
 Metaspace       used 97541K, capacity 99662K, committed 99832K, reserved 1136640K
  class space    used 12433K, capacity 13215K, committed 13312K, reserved 1048576K
}
Event: 27.833 GC heap before
{Heap before GC invocations=33 (full 0):
 garbage-first heap   total 225280K, used 176496K [0x0000000080000000, 0x0000000100000000)
  region size 1024K, 63 young (64512K), 6 survivors (6144K)
 Metaspace       used 99356K, capacity 101494K, committed 101624K, reserved 1136640K
  class space    used 12636K, capacity 13462K, committed 13568K, reserved 1048576K
}
Event: 27.847 GC heap after
{Heap after GC invocations=34 (full 0):
 garbage-first heap   total 225280K, used 123223K [0x0000000080000000, 0x0000000100000000)
  region size 1024K, 7 young (7168K), 7 survivors (7168K)
 Metaspace       used 99356K, capacity 101494K, committed 101624K, reserved 1136640K
  class space    used 12636K, capacity 13462K, committed 13568K, reserved 1048576K
}

