# JRE version: OpenJDK Runtime Environment (11.0.12+7) (build 11.0.12+7-b1504.28-7817840)
# Java VM: OpenJDK 64-Bit Server VM (11.0.12+7-b1504.28-7817840, mixed mode, tiered, compressed oops, g1 gc, windows-amd64)
Heap:
 garbage-first heap   total 225280K, used 176146K [0x0000000080000000, 0x0000000100000000)
  region size 1024K, 41 young (41984K), 5 survivors (5120K)
 Metaspace       used 137237K, capacity 140810K, committed 140972K, reserved 1171456K
  class space    used 17587K, capacity 18902K, committed 18944K, reserved 1048576K
GC Heap History (20 events):
Event: 172.704 GC heap before
{Heap before GC invocations=43 (full 0):
 garbage-first heap   total 225280K, used 190431K [0x0000000080000000, 0x0000000100000000)
  region size 1024K, 53 young (54272K), 3 survivors (3072K)
 Metaspace       used 129522K, capacity 132718K, committed 132780K, reserved 1165312K
  class space    used 16657K, capacity 17876K, committed 17920K, reserved 1048576K
}
Event: 172.711 GC heap after
{Heap after GC invocations=44 (full 0):
 garbage-first heap   total 225280K, used 141453K [0x0000000080000000, 0x0000000100000000)
  region size 1024K, 5 young (5120K), 5 survivors (5120K)
 Metaspace       used 129522K, capacity 132718K, committed 132780K, reserved 1165312K
  class space    used 16657K, capacity 17876K, committed 17920K, reserved 1048576K
}
Event: 172.858 GC heap before
{Heap before GC invocations=44 (full 0):
 garbage-first heap   total 225280K, used 148621K [0x0000000080000000, 0x0000000100000000)
  region size 1024K, 11 young (11264K), 5 survivors (5120K)
 Metaspace       used 130259K, capacity 133559K, committed 133676K, reserved 1165312K
  class space    used 16768K, capacity 18030K, committed 18048K, reserved 1048576K
}
Event: 172.877 GC heap after
{Heap after GC invocations=45 (full 0):
 garbage-first heap   total 225280K, used 130148K [0x0000000080000000, 0x0000000100000000)
  region size 1024K, 1 young (1024K), 1 survivors (1024K)
 Metaspace       used 130259K, capacity 133559K, committed 133676K, reserved 1165312K
  class space    used 16768K, capacity 18030K, committed 18048K, reserved 1048576K
}
Event: 173.017 GC heap before
{Heap before GC invocations=45 (full 0):
 garbage-first heap   total 225280K, used 139364K [0x0000000080000000, 0x0000000100000000)
  region size 1024K, 11 young (11264K), 1 survivors (1024K)
 Metaspace       used 130328K, capacity 133574K, committed 133676K, reserved 1165312K
  class space    used 16775K, capacity 18035K, committed 18048K, reserved 1048576K
}
Event: 173.028 GC heap after
{Heap after GC invocations=46 (full 0):
 garbage-first heap   total 225280K, used 129956K [0x0000000080000000, 0x0000000100000000)
  region size 1024K, 2 young (2048K), 2 survivors (2048K)
 Metaspace       used 130328K, capacity 133574K, committed 133676K, reserved 1165312K
  class space    used 16775K, capacity 18035K, committed 18048K, reserved 1048576K
}
Event: 175.959 GC heap before
{Heap before GC invocations=46 (full 0):
 garbage-first heap   total 225280K, used 185252K [0x0000000080000000, 0x0000000100000000)
  region size 1024K, 56 young (57344K), 2 survivors (2048K)
 Metaspace       used 130345K, capacity 133638K, committed 133676K, reserved 1165312K
  class space    used 16775K, capacity 18035K, committed 18048K, reserved 1048576K
}
Event: 175.963 GC heap after
{Heap after GC invocations=47 (full 0):
 garbage-first heap   total 225280K, used 129938K [0x0000000080000000, 0x0000000100000000)
  region size 1024K, 2 young (2048K), 2 survivors (2048K)
 Metaspace       used 130345K, capacity 133638K, committed 133676K, reserved 1165312K
  class space    used 16775K, capacity 18035K, committed 18048K, reserved 1048576K
}
Event: 179.226 GC heap before
{Heap before GC invocations=48 (full 0):
 garbage-first heap   total 225280K, used 185234K [0x0000000080000000, 0x0000000100000000)
  region size 1024K, 57 young (58368K), 2 survivors (2048K)
 Metaspace       used 131538K, capacity 134851K, committed 135212K, reserved 1167360K
  class space    used 16917K, capacity 18182K, committed 18304K, reserved 1048576K
}
Event: 179.229 GC heap after
{Heap after GC invocations=49 (full 0):
 garbage-first heap   total 225280K, used 130220K [0x0000000080000000, 0x0000000100000000)
  region size 1024K, 2 young (2048K), 2 survivors (2048K)
 Metaspace       used 131538K, capacity 134851K, committed 135212K, reserved 1167360K
  class space    used 16917K, capacity 18182K, committed 18304K, reserved 1048576K
}
Event: 179.681 GC heap before
{Heap before GC invocations=49 (full 0):
 garbage-first heap   total 225280K, used 138412K [0x0000000080000000, 0x0000000100000000)
  region size 1024K, 11 young (11264K), 2 survivors (2048K)
 Metaspace       used 133748K, capacity 137021K, committed 137260K, reserved 1167360K
  class space    used 17231K, capacity 18479K, committed 18560K, reserved 1048576K
}
Event: 179.684 GC heap after
{Heap after GC invocations=50 (full 0):
 garbage-first heap   total 225280K, used 130506K [0x0000000080000000, 0x0000000100000000)
  region size 1024K, 1 young (1024K), 1 survivors (1024K)
 Metaspace       used 133748K, capacity 137021K, committed 137260K, reserved 1167360K
  class space    used 17231K, capacity 18479K, committed 18560K, reserved 1048576K
}
Event: 343.371 GC heap before
{Heap before GC invocations=50 (full 0):
 garbage-first heap   total 225280K, used 187850K [0x0000000080000000, 0x0000000100000000)
  region size 1024K, 58 young (59392K), 1 survivors (1024K)
 Metaspace       used 136020K, capacity 139303K, committed 139564K, reserved 1169408K
  class space    used 17487K, capacity 18720K, committed 18816K, reserved 1048576K
}
Event: 343.389 GC heap after
{Heap after GC invocations=51 (full 0):
 garbage-first heap   total 225280K, used 134413K [0x0000000080000000, 0x0000000100000000)
  region size 1024K, 5 young (5120K), 5 survivors (5120K)
 Metaspace       used 136020K, capacity 139303K, committed 139564K, reserved 1169408K
  class space    used 17487K, capacity 18720K, committed 18816K, reserved 1048576K
}
Event: 345.573 GC heap before
{Heap before GC invocations=52 (full 0):
 garbage-first heap   total 225280K, used 188685K [0x0000000080000000, 0x0000000100000000)
  region size 1024K, 59 young (60416K), 5 survivors (5120K)
 Metaspace       used 136413K, capacity 139778K, committed 140076K, reserved 1171456K
  class space    used 17506K, capacity 18754K, committed 18816K, reserved 1048576K
}
Event: 345.587 GC heap after
{Heap after GC invocations=53 (full 0):
 garbage-first heap   total 225280K, used 140526K [0x0000000080000000, 0x0000000100000000)
  region size 1024K, 8 young (8192K), 8 survivors (8192K)
 Metaspace       used 136413K, capacity 139778K, committed 140076K, reserved 1171456K
  class space    used 17506K, capacity 18754K, committed 18816K, reserved 1048576K
}
Event: 345.641 GC heap before
{Heap before GC invocations=53 (full 0):
 garbage-first heap   total 225280K, used 143598K [0x0000000080000000, 0x0000000100000000)
  region size 1024K, 11 young (11264K), 8 survivors (8192K)
 Metaspace       used 136426K, capacity 139778K, committed 140076K, reserved 1171456K
  class space    used 17506K, capacity 18754K, committed 18816K, reserved 1048576K
}
Event: 345.660 GC heap after
{Heap after GC invocations=54 (full 0):
 garbage-first heap   total 225280K, used 137777K [0x0000000080000000, 0x0000000100000000)
  region size 1024K, 2 young (2048K), 2 survivors (2048K)
 Metaspace       used 136426K, capacity 139778K, committed 140076K, reserved 1171456K
  class space    used 17506K, capacity 18754K, committed 18816K, reserved 1048576K
}
Event: 348.410 GC heap before
{Heap before GC invocations=54 (full 0):
 garbage-first heap   total 225280K, used 186929K [0x0000000080000000, 0x0000000100000000)
  region size 1024K, 51 young (52224K), 2 survivors (2048K)
 Metaspace       used 136952K, capacity 140501K, committed 140716K, reserved 1171456K
  class space    used 17581K, capacity 18891K, committed 18944K, reserved 1048576K
}
Event: 348.420 GC heap after
{Heap after GC invocations=55 (full 0):
 garbage-first heap   total 225280K, used 141330K [0x0000000080000000, 0x0000000100000000)
  region size 1024K, 5 young (5120K), 5 survivors (5120K)
 Metaspace       used 136952K, capacity 140501K, committed 140716K, reserved 1171456K
  class space    used 17581K, capacity 18891K, committed 18944K, reserved 1048576K
}

