# JRE version: OpenJDK Runtime Environment (11.0.12+7) (build 11.0.12+7-b1504.28-7817840)
# Java VM: OpenJDK 64-Bit Server VM (11.0.12+7-b1504.28-7817840, mixed mode, tiered, compressed oops, g1 gc, windows-amd64)
Heap:
 garbage-first heap   total 187392K, used 111059K [0x0000000080000000, 0x0000000100000000)
  region size 1024K, 4 young (4096K), 4 survivors (4096K)
 Metaspace       used 96708K, capacity 98881K, committed 99328K, reserved 1134592K
  class space    used 12386K, capacity 13163K, committed 13312K, reserved 1048576K
GC Heap History (20 events):
Event: 20.847 GC heap before
{Heap before GC invocations=21 (full 0):
 garbage-first heap   total 155648K, used 125945K [0x0000000080000000, 0x0000000100000000)
  region size 1024K, 43 young (44032K), 7 survivors (7168K)
 Metaspace       used 88780K, capacity 90743K, committed 90880K, reserved 1128448K
  class space    used 11453K, capacity 12186K, committed 12288K, reserved 1048576K
}
Event: 20.859 GC heap after
{Heap after GC invocations=22 (full 0):
 garbage-first heap   total 155648K, used 94215K [0x0000000080000000, 0x0000000100000000)
  region size 1024K, 6 young (6144K), 6 survivors (6144K)
 Metaspace       used 88780K, capacity 90743K, committed 90880K, reserved 1128448K
  class space    used 11453K, capacity 12186K, committed 12288K, reserved 1048576K
}
Event: 21.135 GC heap before
{Heap before GC invocations=23 (full 0):
 garbage-first heap   total 155648K, used 125959K [0x0000000080000000, 0x0000000100000000)
  region size 1024K, 38 young (38912K), 6 survivors (6144K)
 Metaspace       used 89638K, capacity 91833K, committed 92160K, reserved 1128448K
  class space    used 11625K, capacity 12467K, committed 12544K, reserved 1048576K
}
Event: 21.144 GC heap after
{Heap after GC invocations=24 (full 0):
 garbage-first heap   total 155648K, used 99079K [0x0000000080000000, 0x0000000100000000)
  region size 1024K, 5 young (5120K), 5 survivors (5120K)
 Metaspace       used 89638K, capacity 91833K, committed 92160K, reserved 1128448K
  class space    used 11625K, capacity 12467K, committed 12544K, reserved 1048576K
}
Event: 21.343 GC heap before
{Heap before GC invocations=24 (full 0):
 garbage-first heap   total 155648K, used 126727K [0x0000000080000000, 0x0000000100000000)
  region size 1024K, 33 young (33792K), 5 survivors (5120K)
 Metaspace       used 89886K, capacity 92147K, committed 92416K, reserved 1128448K
  class space    used 11634K, capacity 12480K, committed 12544K, reserved 1048576K
}
Event: 21.349 GC heap after
{Heap after GC invocations=25 (full 0):
 garbage-first heap   total 155648K, used 101090K [0x0000000080000000, 0x0000000100000000)
  region size 1024K, 3 young (3072K), 3 survivors (3072K)
 Metaspace       used 89886K, capacity 92147K, committed 92416K, reserved 1128448K
  class space    used 11634K, capacity 12480K, committed 12544K, reserved 1048576K
}
Event: 21.715 GC heap before
{Heap before GC invocations=26 (full 0):
 garbage-first heap   total 155648K, used 128738K [0x0000000080000000, 0x0000000100000000)
  region size 1024K, 31 young (31744K), 3 survivors (3072K)
 Metaspace       used 90390K, capacity 92629K, committed 92672K, reserved 1130496K
  class space    used 11676K, capacity 12521K, committed 12544K, reserved 1048576K
}
Event: 21.720 GC heap after
{Heap after GC invocations=27 (full 0):
 garbage-first heap   total 155648K, used 103137K [0x0000000080000000, 0x0000000100000000)
  region size 1024K, 4 young (4096K), 4 survivors (4096K)
 Metaspace       used 90390K, capacity 92629K, committed 92672K, reserved 1130496K
  class space    used 11676K, capacity 12521K, committed 12544K, reserved 1048576K
}
Event: 21.889 GC heap before
{Heap before GC invocations=27 (full 0):
 garbage-first heap   total 155648K, used 129761K [0x0000000080000000, 0x0000000100000000)
  region size 1024K, 31 young (31744K), 4 survivors (4096K)
 Metaspace       used 90611K, capacity 92895K, committed 92928K, reserved 1130496K
  class space    used 11690K, capacity 12533K, committed 12544K, reserved 1048576K
}
Event: 21.898 GC heap after
{Heap after GC invocations=28 (full 0):
 garbage-first heap   total 155648K, used 105592K [0x0000000080000000, 0x0000000100000000)
  region size 1024K, 3 young (3072K), 3 survivors (3072K)
 Metaspace       used 90611K, capacity 92895K, committed 92928K, reserved 1130496K
  class space    used 11690K, capacity 12533K, committed 12544K, reserved 1048576K
}
Event: 22.162 GC heap before
{Heap before GC invocations=28 (full 0):
 garbage-first heap   total 155648K, used 130168K [0x0000000080000000, 0x0000000100000000)
  region size 1024K, 28 young (28672K), 3 survivors (3072K)
 Metaspace       used 90837K, capacity 92932K, committed 93568K, reserved 1130496K
  class space    used 11661K, capacity 12445K, committed 12672K, reserved 1048576K
}
Event: 22.168 GC heap after
{Heap after GC invocations=29 (full 0):
 garbage-first heap   total 155648K, used 107150K [0x0000000080000000, 0x0000000100000000)
  region size 1024K, 2 young (2048K), 2 survivors (2048K)
 Metaspace       used 90837K, capacity 92932K, committed 93568K, reserved 1130496K
  class space    used 11661K, capacity 12445K, committed 12672K, reserved 1048576K
}
Event: 22.400 GC heap before
{Heap before GC invocations=30 (full 0):
 garbage-first heap   total 155648K, used 131726K [0x0000000080000000, 0x0000000100000000)
  region size 1024K, 27 young (27648K), 2 survivors (2048K)
 Metaspace       used 91668K, capacity 93768K, committed 94464K, reserved 1130496K
  class space    used 11781K, capacity 12573K, committed 12800K, reserved 1048576K
}
Event: 22.404 GC heap after
{Heap after GC invocations=31 (full 0):
 garbage-first heap   total 155648K, used 107926K [0x0000000080000000, 0x0000000100000000)
  region size 1024K, 3 young (3072K), 3 survivors (3072K)
 Metaspace       used 91668K, capacity 93768K, committed 94464K, reserved 1130496K
  class space    used 11781K, capacity 12573K, committed 12800K, reserved 1048576K
}
Event: 22.431 GC heap before
{Heap before GC invocations=31 (full 0):
 garbage-first heap   total 155648K, used 110998K [0x0000000080000000, 0x0000000100000000)
  region size 1024K, 7 young (7168K), 3 survivors (3072K)
 Metaspace       used 91904K, capacity 93992K, committed 94720K, reserved 1130496K
  class space    used 11812K, capacity 12605K, committed 12800K, reserved 1048576K
}
Event: 22.435 GC heap after
{Heap after GC invocations=32 (full 0):
 garbage-first heap   total 155648K, used 107348K [0x0000000080000000, 0x0000000100000000)
  region size 1024K, 1 young (1024K), 1 survivors (1024K)
 Metaspace       used 91904K, capacity 93992K, committed 94720K, reserved 1130496K
  class space    used 11812K, capacity 12605K, committed 12800K, reserved 1048576K
}
Event: 22.661 GC heap before
{Heap before GC invocations=32 (full 0):
 garbage-first heap   total 155648K, used 131924K [0x0000000080000000, 0x0000000100000000)
  region size 1024K, 25 young (25600K), 1 survivors (1024K)
 Metaspace       used 93696K, capacity 95752K, committed 96512K, reserved 1132544K
  class space    used 12045K, capacity 12829K, committed 13056K, reserved 1048576K
}
Event: 22.663 GC heap after
{Heap after GC invocations=33 (full 0):
 garbage-first heap   total 155648K, used 107345K [0x0000000080000000, 0x0000000100000000)
  region size 1024K, 1 young (1024K), 1 survivors (1024K)
 Metaspace       used 93696K, capacity 95752K, committed 96512K, reserved 1132544K
  class space    used 12045K, capacity 12829K, committed 13056K, reserved 1048576K
}
Event: 22.955 GC heap before
{Heap before GC invocations=34 (full 0):
 garbage-first heap   total 155648K, used 132945K [0x0000000080000000, 0x0000000100000000)
  region size 1024K, 26 young (26624K), 1 survivors (1024K)
 Metaspace       used 95464K, capacity 97566K, committed 98304K, reserved 1134592K
  class space    used 12250K, capacity 13049K, committed 13312K, reserved 1048576K
}
Event: 22.958 GC heap after
{Heap after GC invocations=35 (full 0):
 garbage-first heap   total 155648K, used 108593K [0x0000000080000000, 0x0000000100000000)
  region size 1024K, 2 young (2048K), 2 survivors (2048K)
 Metaspace       used 95464K, capacity 97566K, committed 98304K, reserved 1134592K
  class space    used 12250K, capacity 13049K, committed 13312K, reserved 1048576K
}

