# JRE version: OpenJDK Runtime Environment (11.0.12+7) (build 11.0.12+7-b1504.28-7817840)
# Java VM: OpenJDK 64-Bit Server VM (11.0.12+7-b1504.28-7817840, mixed mode, tiered, compressed oops, g1 gc, windows-amd64)
Heap:
 garbage-first heap   total 516096K, used 223481K [0x0000000080000000, 0x0000000100000000)
  region size 1024K, 5 young (5120K), 5 survivors (5120K)
 Metaspace       used 120635K, capacity 123470K, committed 123768K, reserved 1157120K
  class space    used 15113K, capacity 16159K, committed 16248K, reserved 1048576K
GC Heap History (20 events):
Event: 30.792 GC heap after
{Heap after GC invocations=46 (full 0):
 garbage-first heap   total 225280K, used 123804K [0x0000000080000000, 0x0000000100000000)
  region size 1024K, 5 young (5120K), 5 survivors (5120K)
 Metaspace       used 103876K, capacity 106033K, committed 106488K, reserved 1142784K
  class space    used 12847K, capacity 13673K, committed 13816K, reserved 1048576K
}
Event: 30.884 GC heap before
{Heap before GC invocations=46 (full 0):
 garbage-first heap   total 225280K, used 128923K [0x0000000080000000, 0x0000000100000000)
  region size 1024K, 11 young (11264K), 5 survivors (5120K)
 Metaspace       used 104041K, capacity 106200K, committed 106616K, reserved 1142784K
  class space    used 12862K, capacity 13706K, committed 13944K, reserved 1048576K
}
Event: 30.892 GC heap after
{Heap after GC invocations=47 (full 0):
 garbage-first heap   total 225280K, used 105211K [0x0000000080000000, 0x0000000100000000)
  region size 1024K, 2 young (2048K), 2 survivors (2048K)
 Metaspace       used 104041K, capacity 106200K, committed 106616K, reserved 1142784K
  class space    used 12862K, capacity 13706K, committed 13944K, reserved 1048576K
}
Event: 31.574 GC heap before
{Heap before GC invocations=47 (full 0):
 garbage-first heap   total 225280K, used 154363K [0x0000000080000000, 0x0000000100000000)
  region size 1024K, 51 young (52224K), 2 survivors (2048K)
 Metaspace       used 105502K, capacity 107709K, committed 108024K, reserved 1142784K
  class space    used 13021K, capacity 13862K, committed 14072K, reserved 1048576K
}
Event: 31.582 GC heap after
{Heap after GC invocations=48 (full 0):
 garbage-first heap   total 270336K, used 106678K [0x0000000080000000, 0x0000000100000000)
  region size 1024K, 3 young (3072K), 3 survivors (3072K)
 Metaspace       used 105502K, capacity 107709K, committed 108024K, reserved 1142784K
  class space    used 13021K, capacity 13862K, committed 14072K, reserved 1048576K
}
Event: 32.546 GC heap before
{Heap before GC invocations=49 (full 0):
 garbage-first heap   total 270336K, used 176310K [0x0000000080000000, 0x0000000100000000)
  region size 1024K, 76 young (77824K), 3 survivors (3072K)
 Metaspace       used 110012K, capacity 112330K, committed 112632K, reserved 1146880K
  class space    used 13573K, capacity 14417K, committed 14584K, reserved 1048576K
}
Event: 32.558 GC heap after
{Heap after GC invocations=50 (full 0):
 garbage-first heap   total 270336K, used 107045K [0x0000000080000000, 0x0000000100000000)
  region size 1024K, 7 young (7168K), 7 survivors (7168K)
 Metaspace       used 110012K, capacity 112330K, committed 112632K, reserved 1146880K
  class space    used 13573K, capacity 14417K, committed 14584K, reserved 1048576K
}
Event: 32.640 GC heap before
{Heap before GC invocations=50 (full 0):
 garbage-first heap   total 270336K, used 112165K [0x0000000080000000, 0x0000000100000000)
  region size 1024K, 13 young (13312K), 7 survivors (7168K)
 Metaspace       used 110120K, capacity 112403K, committed 112632K, reserved 1146880K
  class space    used 13581K, capacity 14418K, committed 14584K, reserved 1048576K
}
Event: 32.648 GC heap after
{Heap after GC invocations=51 (full 0):
 garbage-first heap   total 270336K, used 105015K [0x0000000080000000, 0x0000000100000000)
  region size 1024K, 1 young (1024K), 1 survivors (1024K)
 Metaspace       used 110120K, capacity 112403K, committed 112632K, reserved 1146880K
  class space    used 13581K, capacity 14418K, committed 14584K, reserved 1048576K
}
Event: 33.276 GC heap before
{Heap before GC invocations=51 (full 0):
 garbage-first heap   total 270336K, used 193079K [0x0000000080000000, 0x0000000100000000)
  region size 1024K, 78 young (79872K), 1 survivors (1024K)
 Metaspace       used 111026K, capacity 113264K, committed 113400K, reserved 1148928K
  class space    used 13677K, capacity 14498K, committed 14584K, reserved 1048576K
}
Event: 33.284 GC heap after
{Heap after GC invocations=52 (full 0):
 garbage-first heap   total 270336K, used 122506K [0x0000000080000000, 0x0000000100000000)
  region size 1024K, 9 young (9216K), 9 survivors (9216K)
 Metaspace       used 111026K, capacity 113264K, committed 113400K, reserved 1148928K
  class space    used 13677K, capacity 14498K, committed 14584K, reserved 1048576K
}
Event: 34.322 GC heap before
{Heap before GC invocations=52 (full 0):
 garbage-first heap   total 270336K, used 222858K [0x0000000080000000, 0x0000000100000000)
  region size 1024K, 82 young (83968K), 9 survivors (9216K)
 Metaspace       used 114416K, capacity 116825K, committed 116984K, reserved 1150976K
  class space    used 14121K, capacity 14999K, committed 15096K, reserved 1048576K
}
Event: 34.344 GC heap after
{Heap after GC invocations=53 (full 0):
 garbage-first heap   total 324608K, used 152558K [0x0000000080000000, 0x0000000100000000)
  region size 1024K, 11 young (11264K), 11 survivors (11264K)
 Metaspace       used 114416K, capacity 116825K, committed 116984K, reserved 1150976K
  class space    used 14121K, capacity 14999K, committed 15096K, reserved 1048576K
}
Event: 34.840 GC heap before
{Heap before GC invocations=53 (full 0):
 garbage-first heap   total 324608K, used 239598K [0x0000000080000000, 0x0000000100000000)
  region size 1024K, 96 young (98304K), 11 survivors (11264K)
 Metaspace       used 116844K, capacity 119347K, committed 119544K, reserved 1153024K
  class space    used 14601K, capacity 15527K, committed 15608K, reserved 1048576K
}
Event: 34.898 GC heap after
{Heap after GC invocations=54 (full 0):
 garbage-first heap   total 324608K, used 193697K [0x0000000080000000, 0x0000000100000000)
  region size 1024K, 12 young (12288K), 12 survivors (12288K)
 Metaspace       used 116844K, capacity 119347K, committed 119544K, reserved 1153024K
  class space    used 14601K, capacity 15527K, committed 15608K, reserved 1048576K
}
Event: 35.461 GC heap before
{Heap before GC invocations=54 (full 0):
 garbage-first heap   total 324608K, used 244897K [0x0000000080000000, 0x0000000100000000)
  region size 1024K, 63 young (64512K), 12 survivors (12288K)
 Metaspace       used 119612K, capacity 122383K, committed 122616K, reserved 1155072K
  class space    used 15002K, capacity 16022K, committed 16120K, reserved 1048576K
}
Event: 35.502 GC heap after
{Heap after GC invocations=55 (full 0):
 garbage-first heap   total 324608K, used 209408K [0x0000000080000000, 0x0000000100000000)
  region size 1024K, 8 young (8192K), 8 survivors (8192K)
 Metaspace       used 119612K, capacity 122383K, committed 122616K, reserved 1155072K
  class space    used 15002K, capacity 16022K, committed 16120K, reserved 1048576K
}
Event: 35.893 GC heap before
{Heap before GC invocations=55 (full 0):
 garbage-first heap   total 324608K, used 253440K [0x0000000080000000, 0x0000000100000000)
  region size 1024K, 52 young (53248K), 8 survivors (8192K)
 Metaspace       used 120392K, capacity 123211K, committed 123512K, reserved 1157120K
  class space    used 15098K, capacity 16159K, committed 16248K, reserved 1048576K
}
Event: 35.915 GC heap after
{Heap after GC invocations=56 (full 0):
 garbage-first heap   total 324608K, used 217010K [0x0000000080000000, 0x0000000100000000)
  region size 1024K, 6 young (6144K), 6 survivors (6144K)
 Metaspace       used 120392K, capacity 123211K, committed 123512K, reserved 1157120K
  class space    used 15098K, capacity 16159K, committed 16248K, reserved 1048576K
}
Event: 36.147 GC heap before
{Heap before GC invocations=56 (full 0):
 garbage-first heap   total 324608K, used 262066K [0x0000000080000000, 0x0000000100000000)
  region size 1024K, 49 young (50176K), 6 survivors (6144K)
 Metaspace       used 120635K, capacity 123470K, committed 123768K, reserved 1157120K
  class space    used 15113K, capacity 16159K, committed 16248K, reserved 1048576K
}

