# JRE version: OpenJDK Runtime Environment (11.0.12+7) (build 11.0.12+7-b1504.28-7817840)
# Java VM: OpenJDK 64-Bit Server VM (11.0.12+7-b1504.28-7817840, mixed mode, tiered, compressed oops, g1 gc, windows-amd64)
Heap:
 garbage-first heap   total 411648K, used 168883K [0x0000000080000000, 0x0000000100000000)
  region size 1024K, 2 young (2048K), 2 survivors (2048K)
 Metaspace       used 157361K, capacity 160805K, committed 163584K, reserved 1191936K
  class space    used 19069K, capacity 20428K, committed 21504K, reserved 1048576K
GC Heap History (20 events):
Event: 2170.321 GC heap after
{Heap after GC invocations=86 (full 0):
 garbage-first heap   total 225280K, used 148071K [0x0000000080000000, 0x0000000100000000)
  region size 1024K, 5 young (5120K), 5 survivors (5120K)
 Metaspace       used 155884K, capacity 159277K, committed 162176K, reserved 1189888K
  class space    used 18962K, capacity 20286K, committed 21376K, reserved 1048576K
}
Event: 2170.490 GC heap before
{Heap before GC invocations=86 (full 0):
 garbage-first heap   total 225280K, used 177767K [0x0000000080000000, 0x0000000100000000)
  region size 1024K, 34 young (34816K), 5 survivors (5120K)
 Metaspace       used 155918K, capacity 159283K, committed 162176K, reserved 1189888K
  class space    used 18963K, capacity 20288K, committed 21376K, reserved 1048576K
}
Event: 2170.496 GC heap after
{Heap after GC invocations=87 (full 0):
 garbage-first heap   total 225280K, used 151465K [0x0000000080000000, 0x0000000100000000)
  region size 1024K, 3 young (3072K), 3 survivors (3072K)
 Metaspace       used 155918K, capacity 159283K, committed 162176K, reserved 1189888K
  class space    used 18963K, capacity 20288K, committed 21376K, reserved 1048576K
}
Event: 2170.695 GC heap before
{Heap before GC invocations=88 (full 0):
 garbage-first heap   total 225280K, used 181161K [0x0000000080000000, 0x0000000100000000)
  region size 1024K, 32 young (32768K), 3 survivors (3072K)
 Metaspace       used 156032K, capacity 159353K, committed 162176K, reserved 1189888K
  class space    used 18967K, capacity 20290K, committed 21376K, reserved 1048576K
}
Event: 2170.703 GC heap after
{Heap after GC invocations=89 (full 0):
 garbage-first heap   total 225280K, used 153817K [0x0000000080000000, 0x0000000100000000)
  region size 1024K, 3 young (3072K), 3 survivors (3072K)
 Metaspace       used 156032K, capacity 159353K, committed 162176K, reserved 1189888K
  class space    used 18967K, capacity 20290K, committed 21376K, reserved 1048576K
}
Event: 2170.716 GC heap before
{Heap before GC invocations=89 (full 0):
 garbage-first heap   total 225280K, used 162009K [0x0000000080000000, 0x0000000100000000)
  region size 1024K, 11 young (11264K), 3 survivors (3072K)
 Metaspace       used 156032K, capacity 159353K, committed 162176K, reserved 1189888K
  class space    used 18967K, capacity 20290K, committed 21376K, reserved 1048576K
}
Event: 2170.727 GC heap after
{Heap after GC invocations=90 (full 0):
 garbage-first heap   total 225280K, used 152435K [0x0000000080000000, 0x0000000100000000)
  region size 1024K, 2 young (2048K), 2 survivors (2048K)
 Metaspace       used 156032K, capacity 159353K, committed 162176K, reserved 1189888K
  class space    used 18967K, capacity 20290K, committed 21376K, reserved 1048576K
}
Event: 2170.916 GC heap before
{Heap before GC invocations=90 (full 0):
 garbage-first heap   total 225280K, used 182131K [0x0000000080000000, 0x0000000100000000)
  region size 1024K, 32 young (32768K), 2 survivors (2048K)
 Metaspace       used 156233K, capacity 159583K, committed 162560K, reserved 1189888K
  class space    used 18980K, capacity 20323K, committed 21504K, reserved 1048576K
}
Event: 2170.926 GC heap after
{Heap after GC invocations=91 (full 0):
 garbage-first heap   total 225280K, used 156479K [0x0000000080000000, 0x0000000100000000)
  region size 1024K, 4 young (4096K), 4 survivors (4096K)
 Metaspace       used 156233K, capacity 159583K, committed 162560K, reserved 1189888K
  class space    used 18980K, capacity 20323K, committed 21504K, reserved 1048576K
}
Event: 2171.325 GC heap before
{Heap before GC invocations=92 (full 0):
 garbage-first heap   total 225280K, used 172863K [0x0000000080000000, 0x0000000100000000)
  region size 1024K, 33 young (33792K), 4 survivors (4096K)
 Metaspace       used 156302K, capacity 159711K, committed 162816K, reserved 1189888K
  class space    used 18980K, capacity 20323K, committed 21504K, reserved 1048576K
}
Event: 2171.331 GC heap after
{Heap after GC invocations=93 (full 0):
 garbage-first heap   total 225280K, used 144326K [0x0000000080000000, 0x0000000100000000)
  region size 1024K, 3 young (3072K), 3 survivors (3072K)
 Metaspace       used 156302K, capacity 159711K, committed 162816K, reserved 1189888K
  class space    used 18980K, capacity 20323K, committed 21504K, reserved 1048576K
}
Event: 2171.490 GC heap before
{Heap before GC invocations=93 (full 0):
 garbage-first heap   total 225280K, used 152518K [0x0000000080000000, 0x0000000100000000)
  region size 1024K, 11 young (11264K), 3 survivors (3072K)
 Metaspace       used 156843K, capacity 160276K, committed 163328K, reserved 1191936K
  class space    used 19027K, capacity 20362K, committed 21504K, reserved 1048576K
}
Event: 2171.499 GC heap after
{Heap after GC invocations=94 (full 0):
 garbage-first heap   total 270336K, used 123913K [0x0000000080000000, 0x0000000100000000)
  region size 1024K, 1 young (1024K), 1 survivors (1024K)
 Metaspace       used 156843K, capacity 160276K, committed 163328K, reserved 1191936K
  class space    used 19027K, capacity 20362K, committed 21504K, reserved 1048576K
}
Event: 2171.627 GC heap before
{Heap before GC invocations=94 (full 0):
 garbage-first heap   total 270336K, used 135177K [0x0000000080000000, 0x0000000100000000)
  region size 1024K, 13 young (13312K), 1 survivors (1024K)
 Metaspace       used 156928K, capacity 160352K, committed 163328K, reserved 1191936K
  class space    used 19037K, capacity 20365K, committed 21504K, reserved 1048576K
}
Event: 2171.652 GC heap after
{Heap after GC invocations=95 (full 0):
 garbage-first heap   total 270336K, used 120020K [0x0000000080000000, 0x0000000100000000)
  region size 1024K, 1 young (1024K), 1 survivors (1024K)
 Metaspace       used 156928K, capacity 160352K, committed 163328K, reserved 1191936K
  class space    used 19037K, capacity 20365K, committed 21504K, reserved 1048576K
}
Event: 2172.363 GC heap before
{Heap before GC invocations=95 (full 0):
 garbage-first heap   total 270336K, used 159956K [0x0000000080000000, 0x0000000100000000)
  region size 1024K, 42 young (43008K), 1 survivors (1024K)
 Metaspace       used 157145K, capacity 160561K, committed 163328K, reserved 1191936K
  class space    used 19056K, capacity 20390K, committed 21504K, reserved 1048576K
}
Event: 2172.372 GC heap after
{Heap after GC invocations=96 (full 0):
 garbage-first heap   total 270336K, used 121339K [0x0000000080000000, 0x0000000100000000)
  region size 1024K, 3 young (3072K), 3 survivors (3072K)
 Metaspace       used 157145K, capacity 160561K, committed 163328K, reserved 1191936K
  class space    used 19056K, capacity 20390K, committed 21504K, reserved 1048576K
}
Event: 2174.623 GC heap before
{Heap before GC invocations=97 (full 0):
 garbage-first heap   total 270336K, used 221691K [0x0000000080000000, 0x0000000100000000)
  region size 1024K, 66 young (67584K), 3 survivors (3072K)
 Metaspace       used 157284K, capacity 160677K, committed 163328K, reserved 1191936K
  class space    used 19069K, capacity 20428K, committed 21504K, reserved 1048576K
}
Event: 2174.653 GC heap after
{Heap after GC invocations=98 (full 0):
 garbage-first heap   total 270336K, used 168472K [0x0000000080000000, 0x0000000100000000)
  region size 1024K, 9 young (9216K), 9 survivors (9216K)
 Metaspace       used 157284K, capacity 160677K, committed 163328K, reserved 1191936K
  class space    used 19069K, capacity 20428K, committed 21504K, reserved 1048576K
}
Event: 2174.670 GC heap before
{Heap before GC invocations=98 (full 0):
 garbage-first heap   total 270336K, used 172568K [0x0000000080000000, 0x0000000100000000)
  region size 1024K, 13 young (13312K), 9 survivors (9216K)
 Metaspace       used 157361K, capacity 160805K, committed 163584K, reserved 1191936K
  class space    used 19069K, capacity 20428K, committed 21504K, reserved 1048576K
}

