# JRE version: OpenJDK Runtime Environment (11.0.12+7) (build 11.0.12+7-b1504.28-7817840)
# Java VM: OpenJDK 64-Bit Server VM (11.0.12+7-b1504.28-7817840, mixed mode, tiered, compressed oops, g1 gc, windows-amd64)
Heap:
 garbage-first heap   total 129024K, used 77098K [0x0000000080000000, 0x0000000100000000)
  region size 1024K, 15 young (15360K), 6 survivors (6144K)
 Metaspace       used 80184K, capacity 81894K, committed 81996K, reserved 1120256K
  class space    used 10349K, capacity 11003K, committed 11084K, reserved 1048576K
GC Heap History (20 events):
Event: 103.365 GC heap before
{Heap before GC invocations=10 (full 0):
 garbage-first heap   total 129024K, used 83177K [0x0000000080000000, 0x0000000100000000)
  region size 1024K, 55 young (56320K), 4 survivors (4096K)
 Metaspace       used 48045K, capacity 49160K, committed 49408K, reserved 1091584K
  class space    used 6184K, capacity 6633K, committed 6656K, reserved 1048576K
}
Event: 103.372 GC heap after
{Heap after GC invocations=11 (full 0):
 garbage-first heap   total 129024K, used 32438K [0x0000000080000000, 0x0000000100000000)
  region size 1024K, 5 young (5120K), 5 survivors (5120K)
 Metaspace       used 48045K, capacity 49160K, committed 49408K, reserved 1091584K
  class space    used 6184K, capacity 6633K, committed 6656K, reserved 1048576K
}
Event: 104.866 GC heap before
{Heap before GC invocations=11 (full 0):
 garbage-first heap   total 129024K, used 93878K [0x0000000080000000, 0x0000000100000000)
  region size 1024K, 58 young (59392K), 5 survivors (5120K)
 Metaspace       used 49584K, capacity 50793K, committed 50816K, reserved 1093632K
  class space    used 6332K, capacity 6781K, committed 6784K, reserved 1048576K
}
Event: 104.876 GC heap after
{Heap after GC invocations=12 (full 0):
 garbage-first heap   total 129024K, used 49354K [0x0000000080000000, 0x0000000100000000)
  region size 1024K, 8 young (8192K), 8 survivors (8192K)
 Metaspace       used 49584K, capacity 50793K, committed 50816K, reserved 1093632K
  class space    used 6332K, capacity 6781K, committed 6784K, reserved 1048576K
}
Event: 106.149 GC heap before
{Heap before GC invocations=12 (full 0):
 garbage-first heap   total 129024K, used 92362K [0x0000000080000000, 0x0000000100000000)
  region size 1024K, 50 young (51200K), 8 survivors (8192K)
 Metaspace       used 55188K, capacity 56512K, committed 56832K, reserved 1097728K
  class space    used 7057K, capacity 7559K, committed 7680K, reserved 1048576K
}
Event: 106.158 GC heap after
{Heap after GC invocations=13 (full 0):
 garbage-first heap   total 129024K, used 51886K [0x0000000080000000, 0x0000000100000000)
  region size 1024K, 2 young (2048K), 2 survivors (2048K)
 Metaspace       used 55188K, capacity 56512K, committed 56832K, reserved 1097728K
  class space    used 7057K, capacity 7559K, committed 7680K, reserved 1048576K
}
Event: 106.756 GC heap before
{Heap before GC invocations=13 (full 0):
 garbage-first heap   total 129024K, used 73390K [0x0000000080000000, 0x0000000100000000)
  region size 1024K, 24 young (24576K), 2 survivors (2048K)
 Metaspace       used 58774K, capacity 60129K, committed 60160K, reserved 1101824K
  class space    used 7404K, capacity 7906K, committed 7936K, reserved 1048576K
}
Event: 106.760 GC heap after
{Heap after GC invocations=14 (full 0):
 garbage-first heap   total 129024K, used 52311K [0x0000000080000000, 0x0000000100000000)
  region size 1024K, 3 young (3072K), 3 survivors (3072K)
 Metaspace       used 58774K, capacity 60129K, committed 60160K, reserved 1101824K
  class space    used 7404K, capacity 7906K, committed 7936K, reserved 1048576K
}
Event: 108.808 GC heap before
{Heap before GC invocations=15 (full 0):
 garbage-first heap   total 129024K, used 93271K [0x0000000080000000, 0x0000000100000000)
  region size 1024K, 44 young (45056K), 3 survivors (3072K)
 Metaspace       used 63693K, capacity 65095K, committed 65228K, reserved 1105920K
  class space    used 8037K, capacity 8580K, committed 8652K, reserved 1048576K
}
Event: 108.819 GC heap after
{Heap after GC invocations=16 (full 0):
 garbage-first heap   total 129024K, used 55850K [0x0000000080000000, 0x0000000100000000)
  region size 1024K, 6 young (6144K), 6 survivors (6144K)
 Metaspace       used 63693K, capacity 65095K, committed 65228K, reserved 1105920K
  class space    used 8037K, capacity 8580K, committed 8652K, reserved 1048576K
}
Event: 111.220 GC heap before
{Heap before GC invocations=17 (full 0):
 garbage-first heap   total 129024K, used 97834K [0x0000000080000000, 0x0000000100000000)
  region size 1024K, 47 young (48128K), 6 survivors (6144K)
 Metaspace       used 67350K, capacity 68841K, committed 69068K, reserved 1110016K
  class space    used 8498K, capacity 9071K, committed 9164K, reserved 1048576K
}
Event: 111.230 GC heap after
{Heap after GC invocations=18 (full 0):
 garbage-first heap   total 129024K, used 58391K [0x0000000080000000, 0x0000000100000000)
  region size 1024K, 3 young (3072K), 3 survivors (3072K)
 Metaspace       used 67350K, capacity 68841K, committed 69068K, reserved 1110016K
  class space    used 8498K, capacity 9071K, committed 9164K, reserved 1048576K
}
Event: 112.759 GC heap before
{Heap before GC invocations=18 (full 0):
 garbage-first heap   total 129024K, used 99351K [0x0000000080000000, 0x0000000100000000)
  region size 1024K, 43 young (44032K), 3 survivors (3072K)
 Metaspace       used 69371K, capacity 70858K, committed 71116K, reserved 1112064K
  class space    used 8764K, capacity 9315K, committed 9420K, reserved 1048576K
}
Event: 112.765 GC heap after
{Heap after GC invocations=19 (full 0):
 garbage-first heap   total 129024K, used 61265K [0x0000000080000000, 0x0000000100000000)
  region size 1024K, 6 young (6144K), 6 survivors (6144K)
 Metaspace       used 69371K, capacity 70858K, committed 71116K, reserved 1112064K
  class space    used 8764K, capacity 9315K, committed 9420K, reserved 1048576K
}
Event: 114.070 GC heap before
{Heap before GC invocations=19 (full 0):
 garbage-first heap   total 129024K, used 101201K [0x0000000080000000, 0x0000000100000000)
  region size 1024K, 45 young (46080K), 6 survivors (6144K)
 Metaspace       used 72029K, capacity 73562K, committed 73804K, reserved 1114112K
  class space    used 9115K, capacity 9703K, committed 9804K, reserved 1048576K
}
Event: 114.097 GC heap after
{Heap after GC invocations=20 (full 0):
 garbage-first heap   total 129024K, used 63917K [0x0000000080000000, 0x0000000100000000)
  region size 1024K, 3 young (3072K), 3 survivors (3072K)
 Metaspace       used 72029K, capacity 73562K, committed 73804K, reserved 1114112K
  class space    used 9115K, capacity 9703K, committed 9804K, reserved 1048576K
}
Event: 116.790 GC heap before
{Heap before GC invocations=20 (full 0):
 garbage-first heap   total 129024K, used 102829K [0x0000000080000000, 0x0000000100000000)
  region size 1024K, 41 young (41984K), 3 survivors (3072K)
 Metaspace       used 76429K, capacity 78000K, committed 78156K, reserved 1116160K
  class space    used 9843K, capacity 10469K, committed 10572K, reserved 1048576K
}
Event: 116.799 GC heap after
{Heap after GC invocations=21 (full 0):
 garbage-first heap   total 129024K, used 65965K [0x0000000080000000, 0x0000000100000000)
  region size 1024K, 5 young (5120K), 5 survivors (5120K)
 Metaspace       used 76429K, capacity 78000K, committed 78156K, reserved 1116160K
  class space    used 9843K, capacity 10469K, committed 10572K, reserved 1048576K
}
Event: 119.507 GC heap before
{Heap before GC invocations=22 (full 0):
 garbage-first heap   total 129024K, used 103853K [0x0000000080000000, 0x0000000100000000)
  region size 1024K, 42 young (43008K), 5 survivors (5120K)
 Metaspace       used 79482K, capacity 81197K, committed 81356K, reserved 1120256K
  class space    used 10263K, capacity 10923K, committed 10956K, reserved 1048576K
}
Event: 119.518 GC heap after
{Heap after GC invocations=23 (full 0):
 garbage-first heap   total 129024K, used 68906K [0x0000000080000000, 0x0000000100000000)
  region size 1024K, 6 young (6144K), 6 survivors (6144K)
 Metaspace       used 79482K, capacity 81197K, committed 81356K, reserved 1120256K
  class space    used 10263K, capacity 10923K, committed 10956K, reserved 1048576K
}

