# JRE version: OpenJDK Runtime Environment (11.0.12+7) (build 11.0.12+7-b1504.28-7817840)
# Java VM: OpenJDK 64-Bit Server VM (11.0.12+7-b1504.28-7817840, mixed mode, tiered, compressed oops, g1 gc, windows-amd64)
Heap:
 garbage-first heap   total 225280K, used 180981K [0x0000000080000000, 0x0000000100000000)
  region size 1024K, 51 young (52224K), 1 survivors (1024K)
 Metaspace       used 132224K, capacity 136319K, committed 136568K, reserved 1167360K
  class space    used 16968K, capacity 18633K, committed 18808K, reserved 1048576K
GC Heap History (20 events):
Event: 28.719 GC heap before
{Heap before GC invocations=43 (full 0):
 garbage-first heap   total 225280K, used 133801K [0x0000000080000000, 0x0000000100000000)
  region size 1024K, 27 young (27648K), 5 survivors (5120K)
 Metaspace       used 113246K, capacity 115736K, committed 116088K, reserved 1150976K
  class space    used 14169K, capacity 15110K, committed 15224K, reserved 1048576K
}
Event: 28.731 GC heap after
{Heap after GC invocations=44 (full 0):
 garbage-first heap   total 225280K, used 110391K [0x0000000080000000, 0x0000000100000000)
  region size 1024K, 5 young (5120K), 5 survivors (5120K)
 Metaspace       used 113246K, capacity 115736K, committed 116088K, reserved 1150976K
  class space    used 14169K, capacity 15110K, committed 15224K, reserved 1048576K
}
Event: 31.857 GC heap before
{Heap before GC invocations=45 (full 0):
 garbage-first heap   total 225280K, used 127799K [0x0000000080000000, 0x0000000100000000)
  region size 1024K, 22 young (22528K), 5 survivors (5120K)
 Metaspace       used 114173K, capacity 116757K, committed 116984K, reserved 1150976K
  class space    used 14259K, capacity 15257K, committed 15352K, reserved 1048576K
}
Event: 31.883 GC heap after
{Heap after GC invocations=46 (full 0):
 garbage-first heap   total 225280K, used 114401K [0x0000000080000000, 0x0000000100000000)
  region size 1024K, 7 young (7168K), 7 survivors (7168K)
 Metaspace       used 114173K, capacity 116757K, committed 116984K, reserved 1150976K
  class space    used 14259K, capacity 15257K, committed 15352K, reserved 1048576K
}
Event: 32.475 GC heap before
{Heap before GC invocations=47 (full 0):
 garbage-first heap   total 225280K, used 138977K [0x0000000080000000, 0x0000000100000000)
  region size 1024K, 31 young (31744K), 7 survivors (7168K)
 Metaspace       used 116175K, capacity 118833K, committed 119032K, reserved 1153024K
  class space    used 14456K, capacity 15478K, committed 15608K, reserved 1048576K
}
Event: 32.500 GC heap after
{Heap after GC invocations=48 (full 0):
 garbage-first heap   total 225280K, used 120542K [0x0000000080000000, 0x0000000100000000)
  region size 1024K, 8 young (8192K), 8 survivors (8192K)
 Metaspace       used 116175K, capacity 118833K, committed 119032K, reserved 1153024K
  class space    used 14456K, capacity 15478K, committed 15608K, reserved 1048576K
}
Event: 34.913 GC heap before
{Heap before GC invocations=49 (full 0):
 garbage-first heap   total 225280K, used 171742K [0x0000000080000000, 0x0000000100000000)
  region size 1024K, 58 young (59392K), 8 survivors (8192K)
 Metaspace       used 118356K, capacity 121136K, committed 121208K, reserved 1155072K
  class space    used 14622K, capacity 15683K, committed 15736K, reserved 1048576K
}
Event: 34.923 GC heap after
{Heap after GC invocations=50 (full 0):
 garbage-first heap   total 225280K, used 121605K [0x0000000080000000, 0x0000000100000000)
  region size 1024K, 6 young (6144K), 6 survivors (6144K)
 Metaspace       used 118356K, capacity 121136K, committed 121208K, reserved 1155072K
  class space    used 14622K, capacity 15683K, committed 15736K, reserved 1048576K
}
Event: 35.258 GC heap before
{Heap before GC invocations=50 (full 0):
 garbage-first heap   total 225280K, used 134917K [0x0000000080000000, 0x0000000100000000)
  region size 1024K, 21 young (21504K), 6 survivors (6144K)
 Metaspace       used 118500K, capacity 121241K, committed 121592K, reserved 1155072K
  class space    used 14636K, capacity 15717K, committed 15864K, reserved 1048576K
}
Event: 35.266 GC heap after
{Heap after GC invocations=51 (full 0):
 garbage-first heap   total 225280K, used 121801K [0x0000000080000000, 0x0000000100000000)
  region size 1024K, 2 young (2048K), 2 survivors (2048K)
 Metaspace       used 118500K, capacity 121241K, committed 121592K, reserved 1155072K
  class space    used 14636K, capacity 15717K, committed 15864K, reserved 1048576K
}
Event: 36.807 GC heap before
{Heap before GC invocations=52 (full 0):
 garbage-first heap   total 225280K, used 177097K [0x0000000080000000, 0x0000000100000000)
  region size 1024K, 55 young (56320K), 2 survivors (2048K)
 Metaspace       used 123667K, capacity 126898K, committed 127096K, reserved 1159168K
  class space    used 15418K, capacity 16664K, committed 16760K, reserved 1048576K
}
Event: 36.820 GC heap after
{Heap after GC invocations=53 (full 0):
 garbage-first heap   total 225280K, used 130860K [0x0000000080000000, 0x0000000100000000)
  region size 1024K, 7 young (7168K), 7 survivors (7168K)
 Metaspace       used 123667K, capacity 126898K, committed 127096K, reserved 1159168K
  class space    used 15418K, capacity 16664K, committed 16760K, reserved 1048576K
}
Event: 36.898 GC heap before
{Heap before GC invocations=53 (full 0):
 garbage-first heap   total 225280K, used 133932K [0x0000000080000000, 0x0000000100000000)
  region size 1024K, 11 young (11264K), 7 survivors (7168K)
 Metaspace       used 124080K, capacity 127294K, committed 127352K, reserved 1159168K
  class space    used 15480K, capacity 16732K, committed 16760K, reserved 1048576K
}
Event: 36.907 GC heap after
{Heap after GC invocations=54 (full 0):
 garbage-first heap   total 225280K, used 131503K [0x0000000080000000, 0x0000000100000000)
  region size 1024K, 2 young (2048K), 2 survivors (2048K)
 Metaspace       used 124080K, capacity 127294K, committed 127352K, reserved 1159168K
  class space    used 15480K, capacity 16732K, committed 16760K, reserved 1048576K
}
Event: 37.420 GC heap before
{Heap before GC invocations=54 (full 0):
 garbage-first heap   total 225280K, used 177583K [0x0000000080000000, 0x0000000100000000)
  region size 1024K, 48 young (49152K), 2 survivors (2048K)
 Metaspace       used 130156K, capacity 134229K, committed 134392K, reserved 1165312K
  class space    used 16664K, capacity 18358K, committed 18424K, reserved 1048576K
}
Event: 37.429 GC heap after
{Heap after GC invocations=55 (full 0):
 garbage-first heap   total 225280K, used 134131K [0x0000000080000000, 0x0000000100000000)
  region size 1024K, 4 young (4096K), 4 survivors (4096K)
 Metaspace       used 130156K, capacity 134229K, committed 134392K, reserved 1165312K
  class space    used 16664K, capacity 18358K, committed 18424K, reserved 1048576K
}
Event: 37.955 GC heap before
{Heap before GC invocations=56 (full 0):
 garbage-first heap   total 225280K, used 179187K [0x0000000080000000, 0x0000000100000000)
  region size 1024K, 51 young (52224K), 4 survivors (4096K)
 Metaspace       used 129498K, capacity 133407K, committed 135800K, reserved 1167360K
  class space    used 16585K, capacity 18196K, committed 18552K, reserved 1048576K
}
Event: 37.963 GC heap after
{Heap after GC invocations=57 (full 0):
 garbage-first heap   total 225280K, used 132794K [0x0000000080000000, 0x0000000100000000)
  region size 1024K, 4 young (4096K), 4 survivors (4096K)
 Metaspace       used 129498K, capacity 133407K, committed 135800K, reserved 1167360K
  class space    used 16585K, capacity 18196K, committed 18552K, reserved 1048576K
}
Event: 37.995 GC heap before
{Heap before GC invocations=57 (full 0):
 garbage-first heap   total 225280K, used 138938K [0x0000000080000000, 0x0000000100000000)
  region size 1024K, 12 young (12288K), 4 survivors (4096K)
 Metaspace       used 129666K, capacity 133579K, committed 135800K, reserved 1167360K
  class space    used 16604K, capacity 18212K, committed 18552K, reserved 1048576K
}
Event: 38.001 GC heap after
{Heap after GC invocations=58 (full 0):
 garbage-first heap   total 225280K, used 130805K [0x0000000080000000, 0x0000000100000000)
  region size 1024K, 1 young (1024K), 1 survivors (1024K)
 Metaspace       used 129666K, capacity 133579K, committed 135800K, reserved 1167360K
  class space    used 16604K, capacity 18212K, committed 18552K, reserved 1048576K
}

